Log file open, 11/05/21 17:37:29
LogWindows: Failed to load 'aqProf.dll' (GetLastError=126)
LogWindows: File 'aqProf.dll' does not exist
LogWindows: Failed to load 'VtuneApi.dll' (GetLastError=126)
LogWindows: File 'VtuneApi.dll' does not exist
LogWindows: Failed to load 'VtuneApi32e.dll' (GetLastError=126)
LogWindows: File 'VtuneApi32e.dll' does not exist
LogConsoleResponse: Display: Failed to find resolution value strings in scalability ini. Falling back to default.
LogConsoleResponse: Display: Failed to find resolution value strings in scalability ini. Falling back to default.
LogInit: Display: Running engine for game: MyProject
LogPlatformFile: Not using cached read wrapper
LogTaskGraph: Started task graph with 5 named threads and 20 total threads with 3 sets of task threads.
LogStats: Stats thread started at 0.255150
LogICUInternationalization: ICU TimeZone Detection - Raw Offset: -6:00, Platform Override: ''
LogInit: Display: Loading text-based GConfig....
LogPluginManager: Mounting plugin MeshPainting
LogPluginManager: Mounting plugin XGEController
LogPluginManager: Mounting plugin Paper2D
LogPluginManager: Mounting plugin LightPropagationVolume
LogPluginManager: Mounting plugin CameraShakePreviewer
LogPluginManager: Mounting plugin GameplayCameras
LogPluginManager: Mounting plugin LiveLink
LogPluginManager: Mounting plugin OodleNetwork
LogPluginManager: Mounting plugin OodleData
LogPluginManager: Mounting plugin AnimationSharing
LogPluginManager: Mounting plugin CodeLiteSourceCodeAccess
LogPluginManager: Mounting plugin GitSourceControl
LogPluginManager: Mounting plugin KDevelopSourceCodeAccess
LogPluginManager: Mounting plugin NullSourceCodeAccess
LogPluginManager: Mounting plugin PerforceSourceControl
LogPluginManager: Mounting plugin PlasticSourceControl
LogPluginManager: Mounting plugin PixWinPlugin
LogPluginManager: Mounting plugin CLionSourceCodeAccess
LogPluginManager: Mounting plugin PluginUtils
LogPluginManager: Mounting plugin PropertyAccessNode
LogPluginManager: Mounting plugin RiderSourceCodeAccess
LogPluginManager: Mounting plugin SubversionSourceControl
LogPluginManager: Mounting plugin TextureFormatOodle
LogPluginManager: Mounting plugin UObjectPlugin
LogPluginManager: Mounting plugin VisualStudioCodeSourceCodeAccess
LogPluginManager: Mounting plugin VisualStudioSourceCodeAccess
LogPluginManager: Mounting plugin XCodeSourceCodeAccess
LogPluginManager: Mounting plugin DatasmithContent
LogPluginManager: Mounting plugin AlembicImporter
LogPluginManager: Mounting plugin VariantManagerContent
LogPluginManager: Mounting plugin AutomationUtils
LogPluginManager: Mounting plugin BackChannel
LogPluginManager: Mounting plugin ChaosClothEditor
LogPluginManager: Mounting plugin ChaosCloth
LogPluginManager: Mounting plugin ChaosNiagara
LogPluginManager: Mounting plugin ChaosEditor
LogPluginManager: Mounting plugin ChaosSolverPlugin
LogPluginManager: Mounting plugin CharacterAI
LogPluginManager: Mounting plugin GeometryCache
LogPluginManager: Mounting plugin GeometryProcessing
LogPluginManager: Mounting plugin GeometryCollectionPlugin
LogPluginManager: Mounting plugin Landmass
LogPluginManager: Mounting plugin MotoSynth
LogPluginManager: Mounting plugin OpenImageDenoise
LogPluginManager: Mounting plugin PlatformCrypto
LogPluginManager: Mounting plugin PlanarCut
LogPluginManager: Mounting plugin ProxyLODPlugin
LogPluginManager: Mounting plugin PythonScriptPlugin
LogPluginManager: Mounting plugin SkeletalReduction
LogPluginManager: Mounting plugin Niagara
LogPluginManager: Mounting plugin Water
LogPluginManager: Mounting plugin AndroidMedia
LogPluginManager: Mounting plugin AvfMedia
LogPluginManager: Mounting plugin ImgMedia
LogPluginManager: Mounting plugin MediaCompositing
LogPluginManager: Mounting plugin MediaPlayerEditor
LogPluginManager: Mounting plugin LuminPlatformFeatures
LogPluginManager: Mounting plugin WebMMedia
LogPluginManager: Mounting plugin MagicLeap
LogPluginManager: Mounting plugin WmfMedia
LogPluginManager: Mounting plugin MagicLeapLightEstimation
LogPluginManager: Mounting plugin MagicLeapMedia
LogPluginManager: Mounting plugin UdpMessaging
LogPluginManager: Mounting plugin TcpMessaging
LogPluginManager: Mounting plugin MagicLeapPassableWorld
LogPluginManager: Mounting plugin ActorSequence
LogPluginManager: Mounting plugin MLSDK
LogPluginManager: Mounting plugin LevelSequenceEditor
LogPluginManager: Mounting plugin MatineeToLevelSequence
LogPluginManager: Mounting plugin TemplateSequence
LogPluginManager: Mounting plugin AssetManagerEditor
LogPluginManager: Mounting plugin BlueprintMaterialTextureNodes
LogPluginManager: Mounting plugin CryptoKeys
LogPluginManager: Mounting plugin CurveEditorTools
LogPluginManager: Mounting plugin DataValidation
LogPluginManager: Mounting plugin GameplayTagsEditor
LogPluginManager: Mounting plugin FacialAnimation
LogPluginManager: Mounting plugin MacGraphicsSwitching
LogPluginManager: Mounting plugin GeometryMode
LogPluginManager: Mounting plugin MobileLauncherProfileWizard
LogPluginManager: Mounting plugin PluginBrowser
LogPluginManager: Mounting plugin MaterialAnalyzer
LogPluginManager: Mounting plugin SpeedTreeImporter
LogPluginManager: Mounting plugin LauncherChunkInstaller
LogPluginManager: Mounting plugin OnlineSubsystem
LogPluginManager: Mounting plugin OnlineSubsystemNull
LogPluginManager: Mounting plugin OnlineSubsystemUtils
LogPluginManager: Mounting plugin ActorLayerUtilities
LogPluginManager: Mounting plugin AndroidDeviceProfileSelector
LogPluginManager: Mounting plugin AndroidMoviePlayer
LogPluginManager: Mounting plugin AndroidPermission
LogPluginManager: Mounting plugin AppleImageUtils
LogPluginManager: Mounting plugin AppleMoviePlayer
LogPluginManager: Mounting plugin ArchVisCharacter
LogPluginManager: Mounting plugin AssetTags
LogPluginManager: Mounting plugin AudioCapture
LogPluginManager: Mounting plugin AudioSynesthesia
LogPluginManager: Mounting plugin ChunkDownloader
LogPluginManager: Mounting plugin CableComponent
LogPluginManager: Mounting plugin CustomMeshComponent
LogPluginManager: Mounting plugin ExampleDeviceProfileSelector
LogPluginManager: Mounting plugin EditableMesh
LogPluginManager: Mounting plugin GoogleCloudMessaging
LogPluginManager: Mounting plugin GooglePAD
LogPluginManager: Mounting plugin IOSDeviceProfileSelector
LogPluginManager: Mounting plugin LinuxDeviceProfileSelector
LogPluginManager: Mounting plugin LocationServicesBPLibrary
LogPluginManager: Mounting plugin OpenXREyeTracker
LogPluginManager: Mounting plugin OpenXRHandTracking
LogPluginManager: Mounting plugin OpenXR
LogPluginManager: Mounting plugin PhysXVehicles
LogPluginManager: Mounting plugin ProceduralMeshComponent
LogPluginManager: Mounting plugin PostSplashScreen
LogPluginManager: Mounting plugin PropertyAccessEditor
LogPluginManager: Mounting plugin RuntimePhysXCooking
LogPluginManager: Mounting plugin SignificanceManager
LogPluginManager: Mounting plugin MobilePatchingUtils
LogPluginManager: Mounting plugin SoundFields
LogPluginManager: Mounting plugin Synthesis
LogPluginManager: Mounting plugin WebMMoviePlayer
LogPluginManager: Mounting plugin WindowsMoviePlayer
LogPluginManager: Mounting plugin EnvironmentQueryEditor
LogPluginManager: Mounting plugin AISupport
LogPluginManager: Mounting plugin ScreenshotTools
LogPluginManager: Mounting plugin Takes
LogPluginManager: Mounting plugin ContentBrowserAssetDataSource
LogPluginManager: Mounting plugin ContentBrowserClassDataSource
LogPluginManager: Mounting plugin ContentBrowserFileDataSource
LogPluginManager: Mounting plugin OnlineSubsystemGooglePlay
LogPluginManager: Mounting plugin OnlineSubsystemIOS
LogPluginManager: Mounting plugin OculusVR
LogPluginManager: Mounting plugin SteamVR
PixWinPlugin: PIX capture plugin failed to initialize! Check that the process is launched from PIX.
LogInit: Using libcurl 7.55.1-DEV
LogInit:  - built for x86_64-pc-win32
LogInit:  - supports SSL with OpenSSL/1.1.1
LogInit:  - supports HTTP deflate (compression) using libz 1.2.8
LogInit:  - other features:
LogInit:      CURL_VERSION_SSL
LogInit:      CURL_VERSION_LIBZ
LogInit:      CURL_VERSION_IPV6
LogInit:      CURL_VERSION_ASYNCHDNS
LogInit:      CURL_VERSION_LARGEFILE
LogInit:      CURL_VERSION_IDN
LogInit:  CurlRequestOptions (configurable via config and command line):
LogInit:  - bVerifyPeer = true  - Libcurl will verify peer certificate
LogInit:  - bUseHttpProxy = false  - Libcurl will NOT use HTTP proxy
LogInit:  - bDontReuseConnections = false  - Libcurl will reuse connections
LogInit:  - MaxHostConnections = 16  - Libcurl will limit the number of connections to a host
LogInit:  - LocalHostAddr = Default
LogInit:  - BufferSize = 65536
LogOnline: OSS: Creating online subsystem instance for: NULL
LogInit: WinSock: version 1.1 (2.2), MaxSocks=32767, MaxUdp=65467
LogOnline: OSS: TryLoadSubsystemAndSetDefault: Loaded subsystem for module [NULL]
LogOculusPluginWrapper: OculusPlugin initialized successfully
LogHMD: Failed initializing OVRPlugin 1.59.0
LogInit: Build: ++UE4+Release-4.27-CL-17735300
LogInit: Engine Version: 4.27.1-17735300+++UE4+Release-4.27
LogInit: Compatible Engine Version: 4.27.0-17155196+++UE4+Release-4.27
LogInit: Net CL: 17155196
LogInit: OS: Windows 10 (Release 2009) (), CPU: AMD Ryzen 5 3500 6-Core Processor              , GPU: NVIDIA GeForce GTX 1050 Ti
LogInit: Compiled (64-bit): Oct  6 2021 14:42:51
LogInit: Compiled with Visual C++: 19.24.28315.00
LogInit: Build Configuration: Development
LogInit: Branch Name: ++UE4+Release-4.27
LogInit: Command Line:  -EpicPortal -epicusername=desvanecedor -epicuserid=248da34071b246cdb79ff9832d0fe1a9 -epiclocale=es-MX -epicsandboxid=ue
LogInit: Base Directory: D:/Motor Program/UE_4.27/Engine/Binaries/Win64/
LogInit: Allocator: TBB
LogInit: Installed Engine Build: 1
LogDevObjectVersion: Number of dev versions registered: 29
LogDevObjectVersion:   Dev-Blueprints (B0D832E4-1F89-4F0D-ACCF-7EB736FD4AA2): 10
LogDevObjectVersion:   Dev-Build (E1C64328-A22C-4D53-A36C-8E866417BD8C): 0
LogDevObjectVersion:   Dev-Core (375EC13C-06E4-48FB-B500-84F0262A717E): 4
LogDevObjectVersion:   Dev-Editor (E4B068ED-F494-42E9-A231-DA0B2E46BB41): 40
LogDevObjectVersion:   Dev-Framework (CFFC743F-43B0-4480-9391-14DF171D2073): 37
LogDevObjectVersion:   Dev-Mobile (B02B49B5-BB20-44E9-A304-32B752E40360): 3
LogDevObjectVersion:   Dev-Networking (A4E4105C-59A1-49B5-A7C5-40C4547EDFEE): 0
LogDevObjectVersion:   Dev-Online (39C831C9-5AE6-47DC-9A44-9C173E1C8E7C): 0
LogDevObjectVersion:   Dev-Physics (78F01B33-EBEA-4F98-B9B4-84EACCB95AA2): 14
LogDevObjectVersion:   Dev-Platform (6631380F-2D4D-43E0-8009-CF276956A95A): 0
LogDevObjectVersion:   Dev-Rendering (12F88B9F-8875-4AFC-A67C-D90C383ABD29): 45
LogDevObjectVersion:   Dev-Sequencer (7B5AE74C-D270-4C10-A958-57980B212A5A): 13
LogDevObjectVersion:   Dev-VR (D7296918-1DD6-4BDD-9DE2-64A83CC13884): 3
LogDevObjectVersion:   Dev-LoadTimes (C2A15278-BFE7-4AFE-6C17-90FF531DF755): 1
LogDevObjectVersion:   Private-Geometry (6EACA3D4-40EC-4CC1-B786-8BED09428FC5): 3
LogDevObjectVersion:   Dev-AnimPhys (29E575DD-E0A3-4627-9D10-D276232CDCEA): 17
LogDevObjectVersion:   Dev-Anim (AF43A65D-7FD3-4947-9873-3E8ED9C1BB05): 15
LogDevObjectVersion:   Dev-ReflectionCapture (6B266CEC-1EC7-4B8F-A30B-E4D90942FC07): 1
LogDevObjectVersion:   Dev-Automation (0DF73D61-A23F-47EA-B727-89E90C41499A): 1
LogDevObjectVersion:   FortniteMain (601D1886-AC64-4F84-AA16-D3DE0DEAC7D6): 47
LogDevObjectVersion:   FortniteRelease (E7086368-6B23-4C58-8439-1B7016265E91): 1
LogDevObjectVersion:   Dev-Enterprise (9DFFBCD6-494F-0158-E221-12823C92A888): 10
LogDevObjectVersion:   Dev-Niagara (F2AED0AC-9AFE-416F-8664-AA7FFA26D6FC): 1
LogDevObjectVersion:   Dev-Destruction (174F1F0B-B4C6-45A5-B13F-2EE8D0FB917D): 10
LogDevObjectVersion:   Dev-Physics-Ext (35F94A83-E258-406C-A318-09F59610247C): 41
LogDevObjectVersion:   Dev-PhysicsMaterial-Chaos (B68FC16E-8B1B-42E2-B453-215C058844FE): 1
LogDevObjectVersion:   Dev-CineCamera (B2E18506-4273-CFC2-A54E-F4BB758BBA07): 1
LogDevObjectVersion:   Dev-VirtualProduction (64F58936-FD1B-42BA-BA96-7289D5D0FA4E): 1
LogDevObjectVersion:   Dev-MediaFramework (6F0ED827-A609-4895-9C91-998D90180EA4): 2
LogInit: Presizing for max 25165824 objects, including 0 objects not considered by GC, pre-allocating 0 bytes for permanent pool.
LogConfig: Applying CVar settings from Section [/Script/Engine.StreamingSettings] File [C:/Users/desva/OneDrive/Documentos/GitHub/MyProject/Saved/Config/Windows/Engine.ini]
LogConfig: Setting CVar [[s.MinBulkDataSizeForAsyncLoading:131072]]
LogConfig: Setting CVar [[s.AsyncLoadingThreadEnabled:0]]
LogConfig: Setting CVar [[s.EventDrivenLoaderEnabled:1]]
LogConfig: Setting CVar [[s.WarnIfTimeLimitExceeded:0]]
LogConfig: Setting CVar [[s.TimeLimitExceededMultiplier:1.5]]
LogConfig: Setting CVar [[s.TimeLimitExceededMinTime:0.005]]
LogConfig: Setting CVar [[s.UseBackgroundLevelStreaming:1]]
LogConfig: Setting CVar [[s.PriorityAsyncLoadingExtraTime:15.0]]
LogConfig: Setting CVar [[s.LevelStreamingActorsUpdateTimeLimit:5.0]]
LogConfig: Setting CVar [[s.PriorityLevelStreamingActorsUpdateExtraTime:5.0]]
LogConfig: Setting CVar [[s.LevelStreamingComponentsRegistrationGranularity:10]]
LogConfig: Setting CVar [[s.UnregisterComponentsTimeLimit:1.0]]
LogConfig: Setting CVar [[s.LevelStreamingComponentsUnregistrationGranularity:5]]
LogConfig: Setting CVar [[s.FlushStreamingOnExit:1]]
LogInit: Object subsystem initialized
LogConfig: Setting CVar [[con.DebugEarlyDefault:1]]
LogConfig: Setting CVar [[r.setres:1280x720]]
LogConfig: Setting CVar [[fx.NiagaraAllowRuntimeScalabilityChanges:1]]
[2021.11.05-23.37.30:701][  0]LogConfig: Setting CVar [[r.VSync:0]]
[2021.11.05-23.37.30:701][  0]LogConfig: Setting CVar [[r.RHICmdBypass:0]]
[2021.11.05-23.37.30:701][  0]LogConfig: Applying CVar settings from Section [/Script/Engine.RendererSettings] File [C:/Users/desva/OneDrive/Documentos/GitHub/MyProject/Saved/Config/Windows/Engine.ini]
[2021.11.05-23.37.30:701][  0]LogConfig: Setting CVar [[r.GPUCrashDebugging:0]]
[2021.11.05-23.37.30:701][  0]LogConfig: Applying CVar settings from Section [/Script/Engine.RendererOverrideSettings] File [C:/Users/desva/OneDrive/Documentos/GitHub/MyProject/Saved/Config/Windows/Engine.ini]
[2021.11.05-23.37.30:701][  0]LogConfig: Applying CVar settings from Section [/Script/Engine.StreamingSettings] File [C:/Users/desva/OneDrive/Documentos/GitHub/MyProject/Saved/Config/Windows/Engine.ini]
[2021.11.05-23.37.30:701][  0]LogConfig: Setting CVar [[s.MinBulkDataSizeForAsyncLoading:131072]]
[2021.11.05-23.37.30:701][  0]LogConfig: Setting CVar [[s.AsyncLoadingThreadEnabled:0]]
[2021.11.05-23.37.30:701][  0]LogConfig: Setting CVar [[s.EventDrivenLoaderEnabled:1]]
[2021.11.05-23.37.30:701][  0]LogConfig: Setting CVar [[s.WarnIfTimeLimitExceeded:0]]
[2021.11.05-23.37.30:701][  0]LogConfig: Setting CVar [[s.TimeLimitExceededMultiplier:1.5]]
[2021.11.05-23.37.30:701][  0]LogConfig: Setting CVar [[s.TimeLimitExceededMinTime:0.005]]
[2021.11.05-23.37.30:701][  0]LogConfig: Setting CVar [[s.UseBackgroundLevelStreaming:1]]
[2021.11.05-23.37.30:701][  0]LogConfig: Setting CVar [[s.PriorityAsyncLoadingExtraTime:15.0]]
[2021.11.05-23.37.30:701][  0]LogConfig: Setting CVar [[s.LevelStreamingActorsUpdateTimeLimit:5.0]]
[2021.11.05-23.37.30:701][  0]LogConfig: Setting CVar [[s.PriorityLevelStreamingActorsUpdateExtraTime:5.0]]
[2021.11.05-23.37.30:701][  0]LogConfig: Setting CVar [[s.LevelStreamingComponentsRegistrationGranularity:10]]
[2021.11.05-23.37.30:701][  0]LogConfig: Setting CVar [[s.UnregisterComponentsTimeLimit:1.0]]
[2021.11.05-23.37.30:701][  0]LogConfig: Setting CVar [[s.LevelStreamingComponentsUnregistrationGranularity:5]]
[2021.11.05-23.37.30:701][  0]LogConfig: Setting CVar [[s.FlushStreamingOnExit:1]]
[2021.11.05-23.37.30:701][  0]LogConfig: Applying CVar settings from Section [/Script/Engine.GarbageCollectionSettings] File [C:/Users/desva/OneDrive/Documentos/GitHub/MyProject/Saved/Config/Windows/Engine.ini]
[2021.11.05-23.37.30:701][  0]LogConfig: Setting CVar [[gc.MaxObjectsNotConsideredByGC:1]]
[2021.11.05-23.37.30:701][  0]LogConfig: Setting CVar [[gc.SizeOfPermanentObjectPool:0]]
[2021.11.05-23.37.30:701][  0]LogConfig: Setting CVar [[gc.FlushStreamingOnGC:0]]
[2021.11.05-23.37.30:701][  0]LogConfig: Setting CVar [[gc.NumRetriesBeforeForcingGC:10]]
[2021.11.05-23.37.30:701][  0]LogConfig: Setting CVar [[gc.AllowParallelGC:1]]
[2021.11.05-23.37.30:701][  0]LogConfig: Setting CVar [[gc.TimeBetweenPurgingPendingKillObjects:61.1]]
[2021.11.05-23.37.30:701][  0]LogConfig: Setting CVar [[gc.MaxObjectsInEditor:25165824]]
[2021.11.05-23.37.30:701][  0]LogConfig: Setting CVar [[gc.IncrementalBeginDestroyEnabled:1]]
[2021.11.05-23.37.30:701][  0]LogConfig: Setting CVar [[gc.CreateGCClusters:1]]
[2021.11.05-23.37.30:701][  0]LogConfig: Setting CVar [[gc.MinGCClusterSize:5]]
[2021.11.05-23.37.30:701][  0]LogConfig: Setting CVar [[gc.ActorClusteringEnabled:0]]
[2021.11.05-23.37.30:701][  0]LogConfig: Setting CVar [[gc.BlueprintClusteringEnabled:0]]
[2021.11.05-23.37.30:701][  0]LogConfig: Setting CVar [[gc.UseDisregardForGCOnDedicatedServers:0]]
[2021.11.05-23.37.30:701][  0]LogConfig: Setting CVar [[gc.MultithreadedDestructionEnabled:1]]
[2021.11.05-23.37.30:701][  0]LogConfig: Applying CVar settings from Section [/Script/Engine.NetworkSettings] File [C:/Users/desva/OneDrive/Documentos/GitHub/MyProject/Saved/Config/Windows/Engine.ini]
[2021.11.05-23.37.30:701][  0]LogConfig: Applying CVar settings from Section [/Script/UnrealEd.CookerSettings] File [C:/Users/desva/OneDrive/Documentos/GitHub/MyProject/Saved/Config/Windows/Engine.ini]
[2021.11.05-23.37.30:712][  0]LogConfig: Applying CVar settings from Section [ViewDistanceQuality@3] File [C:/Users/desva/OneDrive/Documentos/GitHub/MyProject/Saved/Config/Windows/Scalability.ini]
[2021.11.05-23.37.30:712][  0]LogConfig: Setting CVar [[r.SkeletalMeshLODBias:0]]
[2021.11.05-23.37.30:712][  0]LogConfig: Setting CVar [[r.ViewDistanceScale:1.0]]
[2021.11.05-23.37.30:712][  0]LogConfig: Applying CVar settings from Section [AntiAliasingQuality@3] File [C:/Users/desva/OneDrive/Documentos/GitHub/MyProject/Saved/Config/Windows/Scalability.ini]
[2021.11.05-23.37.30:712][  0]LogConfig: Setting CVar [[r.PostProcessAAQuality:4]]
[2021.11.05-23.37.30:712][  0]LogConfig: Applying CVar settings from Section [ShadowQuality@3] File [C:/Users/desva/OneDrive/Documentos/GitHub/MyProject/Saved/Config/Windows/Scalability.ini]
[2021.11.05-23.37.30:712][  0]LogConfig: Setting CVar [[r.LightFunctionQuality:1]]
[2021.11.05-23.37.30:712][  0]LogConfig: Setting CVar [[r.ShadowQuality:5]]
[2021.11.05-23.37.30:712][  0]LogConfig: Setting CVar [[r.Shadow.CSM.MaxCascades:10]]
[2021.11.05-23.37.30:712][  0]LogConfig: Setting CVar [[r.Shadow.MaxResolution:2048]]
[2021.11.05-23.37.30:712][  0]LogConfig: Setting CVar [[r.Shadow.MaxCSMResolution:2048]]
[2021.11.05-23.37.30:712][  0]LogConfig: Setting CVar [[r.Shadow.RadiusThreshold:0.01]]
[2021.11.05-23.37.30:712][  0]LogConfig: Setting CVar [[r.Shadow.DistanceScale:1.0]]
[2021.11.05-23.37.30:712][  0]LogConfig: Setting CVar [[r.Shadow.CSM.TransitionScale:1.0]]
[2021.11.05-23.37.30:712][  0]LogConfig: Setting CVar [[r.Shadow.PreShadowResolutionFactor:1.0]]
[2021.11.05-23.37.30:712][  0]LogConfig: Setting CVar [[r.DistanceFieldShadowing:1]]
[2021.11.05-23.37.30:712][  0]LogConfig: Setting CVar [[r.DistanceFieldAO:1]]
[2021.11.05-23.37.30:712][  0]LogConfig: Setting CVar [[r.AOQuality:2]]
[2021.11.05-23.37.30:712][  0]LogConfig: Setting CVar [[r.VolumetricFog:1]]
[2021.11.05-23.37.30:712][  0]LogConfig: Setting CVar [[r.VolumetricFog.GridPixelSize:8]]
[2021.11.05-23.37.30:712][  0]LogConfig: Setting CVar [[r.VolumetricFog.GridSizeZ:128]]
[2021.11.05-23.37.30:712][  0]LogConfig: Setting CVar [[r.VolumetricFog.HistoryMissSupersampleCount:4]]
[2021.11.05-23.37.30:712][  0]LogConfig: Setting CVar [[r.LightMaxDrawDistanceScale:1]]
[2021.11.05-23.37.30:712][  0]LogConfig: Setting CVar [[r.CapsuleShadows:1]]
[2021.11.05-23.37.30:712][  0]LogConfig: Applying CVar settings from Section [PostProcessQuality@3] File [C:/Users/desva/OneDrive/Documentos/GitHub/MyProject/Saved/Config/Windows/Scalability.ini]
[2021.11.05-23.37.30:712][  0]LogConfig: Setting CVar [[r.MotionBlurQuality:4]]
[2021.11.05-23.37.30:712][  0]LogConfig: Setting CVar [[r.AmbientOcclusionMipLevelFactor:0.4]]
[2021.11.05-23.37.30:712][  0]LogConfig: Setting CVar [[r.AmbientOcclusionMaxQuality:100]]
[2021.11.05-23.37.30:712][  0]LogConfig: Setting CVar [[r.AmbientOcclusionLevels:-1]]
[2021.11.05-23.37.30:712][  0]LogConfig: Setting CVar [[r.AmbientOcclusionRadiusScale:1.0]]
[2021.11.05-23.37.30:712][  0]LogConfig: Setting CVar [[r.DepthOfFieldQuality:2]]
[2021.11.05-23.37.30:712][  0]LogConfig: Setting CVar [[r.RenderTargetPoolMin:400]]
[2021.11.05-23.37.30:712][  0]LogConfig: Setting CVar [[r.LensFlareQuality:2]]
[2021.11.05-23.37.30:712][  0]LogConfig: Setting CVar [[r.SceneColorFringeQuality:1]]
[2021.11.05-23.37.30:712][  0]LogConfig: Setting CVar [[r.EyeAdaptationQuality:2]]
[2021.11.05-23.37.30:712][  0]LogConfig: Setting CVar [[r.BloomQuality:5]]
[2021.11.05-23.37.30:712][  0]LogConfig: Setting CVar [[r.FastBlurThreshold:100]]
[2021.11.05-23.37.30:712][  0]LogConfig: Setting CVar [[r.Upscale.Quality:3]]
[2021.11.05-23.37.30:712][  0]LogConfig: Setting CVar [[r.Tonemapper.GrainQuantization:1]]
[2021.11.05-23.37.30:712][  0]LogConfig: Setting CVar [[r.LightShaftQuality:1]]
[2021.11.05-23.37.30:712][  0]LogConfig: Setting CVar [[r.Filter.SizeScale:1]]
[2021.11.05-23.37.30:712][  0]LogConfig: Setting CVar [[r.Tonemapper.Quality:5]]
[2021.11.05-23.37.30:712][  0]LogConfig: Setting CVar [[r.DOF.Gather.AccumulatorQuality:1        ; higher gathering accumulator quality]]
[2021.11.05-23.37.30:712][  0]LogConfig: Setting CVar [[r.DOF.Gather.PostfilterMethod:1          ; Median3x3 postfilering method]]
[2021.11.05-23.37.30:712][  0]LogConfig: Setting CVar [[r.DOF.Gather.EnableBokehSettings:0       ; no bokeh simulation when gathering]]
[2021.11.05-23.37.30:712][  0]LogConfig: Setting CVar [[r.DOF.Gather.RingCount:4                 ; medium number of samples when gathering]]
[2021.11.05-23.37.30:712][  0]LogConfig: Setting CVar [[r.DOF.Scatter.ForegroundCompositing:1    ; additive foreground scattering]]
[2021.11.05-23.37.30:712][  0]LogConfig: Setting CVar [[r.DOF.Scatter.BackgroundCompositing:2    ; additive background scattering]]
[2021.11.05-23.37.30:712][  0]LogConfig: Setting CVar [[r.DOF.Scatter.EnableBokehSettings:1      ; bokeh simulation when scattering]]
[2021.11.05-23.37.30:712][  0]LogConfig: Setting CVar [[r.DOF.Scatter.MaxSpriteRatio:0.1         ; only a maximum of 10% of scattered bokeh]]
[2021.11.05-23.37.30:712][  0]LogConfig: Setting CVar [[r.DOF.Recombine.Quality:1                ; cheap slight out of focus]]
[2021.11.05-23.37.30:712][  0]LogConfig: Setting CVar [[r.DOF.Recombine.EnableBokehSettings:0    ; no bokeh simulation on slight out of focus]]
[2021.11.05-23.37.30:712][  0]LogConfig: Setting CVar [[r.DOF.TemporalAAQuality:1                ; more stable temporal accumulation]]
[2021.11.05-23.37.30:712][  0]LogConfig: Setting CVar [[r.DOF.Kernel.MaxForegroundRadius:0.025]]
[2021.11.05-23.37.30:712][  0]LogConfig: Setting CVar [[r.DOF.Kernel.MaxBackgroundRadius:0.025]]
[2021.11.05-23.37.30:712][  0]LogConfig: Applying CVar settings from Section [TextureQuality@3] File [C:/Users/desva/OneDrive/Documentos/GitHub/MyProject/Saved/Config/Windows/Scalability.ini]
[2021.11.05-23.37.30:712][  0]LogConfig: Setting CVar [[r.Streaming.MipBias:0]]
[2021.11.05-23.37.30:712][  0]LogConfig: Setting CVar [[r.Streaming.AmortizeCPUToGPUCopy:0]]
[2021.11.05-23.37.30:712][  0]LogConfig: Setting CVar [[r.Streaming.MaxNumTexturesToStreamPerFrame:0]]
[2021.11.05-23.37.30:712][  0]LogConfig: Setting CVar [[r.Streaming.Boost:1]]
[2021.11.05-23.37.30:712][  0]LogConfig: Setting CVar [[r.MaxAnisotropy:8]]
[2021.11.05-23.37.30:712][  0]LogConfig: Setting CVar [[r.VT.MaxAnisotropy:8]]
[2021.11.05-23.37.30:712][  0]LogConfig: Setting CVar [[r.Streaming.LimitPoolSizeToVRAM:0]]
[2021.11.05-23.37.30:712][  0]LogConfig: Setting CVar [[r.Streaming.PoolSize:1000]]
[2021.11.05-23.37.30:712][  0]LogConfig: Setting CVar [[r.Streaming.MaxEffectiveScreenSize:0]]
[2021.11.05-23.37.30:712][  0]LogConfig: Applying CVar settings from Section [EffectsQuality@3] File [C:/Users/desva/OneDrive/Documentos/GitHub/MyProject/Saved/Config/Windows/Scalability.ini]
[2021.11.05-23.37.30:712][  0]LogConfig: Setting CVar [[r.TranslucencyLightingVolumeDim:64]]
[2021.11.05-23.37.30:712][  0]LogConfig: Setting CVar [[r.RefractionQuality:2]]
[2021.11.05-23.37.30:712][  0]LogConfig: Setting CVar [[r.SSR.Quality:3]]
[2021.11.05-23.37.30:712][  0]LogConfig: Setting CVar [[r.SSR.HalfResSceneColor:0]]
[2021.11.05-23.37.30:712][  0]LogConfig: Setting CVar [[r.SceneColorFormat:4]]
[2021.11.05-23.37.30:712][  0]LogConfig: Setting CVar [[r.DetailMode:2]]
[2021.11.05-23.37.30:712][  0]LogConfig: Setting CVar [[r.TranslucencyVolumeBlur:1]]
[2021.11.05-23.37.30:712][  0]LogConfig: Setting CVar [[r.MaterialQualityLevel:1 ; High quality]]
[2021.11.05-23.37.30:712][  0]LogConfig: Setting CVar [[r.AnisotropicMaterials:1]]
[2021.11.05-23.37.30:712][  0]LogConfig: Setting CVar [[r.SSS.Scale:1]]
[2021.11.05-23.37.30:712][  0]LogConfig: Setting CVar [[r.SSS.SampleSet:2]]
[2021.11.05-23.37.30:712][  0]LogConfig: Setting CVar [[r.SSS.Quality:1]]
[2021.11.05-23.37.30:712][  0]LogConfig: Setting CVar [[r.SSS.HalfRes:0]]
[2021.11.05-23.37.30:712][  0]LogConfig: Setting CVar [[r.SSGI.Quality:3]]
[2021.11.05-23.37.30:713][  0]LogConfig: Setting CVar [[r.EmitterSpawnRateScale:1.0]]
[2021.11.05-23.37.30:713][  0]LogConfig: Setting CVar [[r.ParticleLightQuality:2]]
[2021.11.05-23.37.30:713][  0]LogConfig: Setting CVar [[r.SkyAtmosphere.AerialPerspectiveLUT.FastApplyOnOpaque:1 ; Always have FastSkyLUT 1 in this case to avoid wrong sky]]
[2021.11.05-23.37.30:713][  0]LogConfig: Setting CVar [[r.SkyAtmosphere.AerialPerspectiveLUT.SampleCountMaxPerSlice:4]]
[2021.11.05-23.37.30:713][  0]LogConfig: Setting CVar [[r.SkyAtmosphere.AerialPerspectiveLUT.DepthResolution:16.0]]
[2021.11.05-23.37.30:713][  0]LogConfig: Setting CVar [[r.SkyAtmosphere.FastSkyLUT:1]]
[2021.11.05-23.37.30:713][  0]LogConfig: Setting CVar [[r.SkyAtmosphere.FastSkyLUT.SampleCountMin:4.0]]
[2021.11.05-23.37.30:713][  0]LogConfig: Setting CVar [[r.SkyAtmosphere.FastSkyLUT.SampleCountMax:128.0]]
[2021.11.05-23.37.30:713][  0]LogConfig: Setting CVar [[r.SkyAtmosphere.SampleCountMin:4.0]]
[2021.11.05-23.37.30:713][  0]LogConfig: Setting CVar [[r.SkyAtmosphere.SampleCountMax:128.0]]
[2021.11.05-23.37.30:713][  0]LogConfig: Setting CVar [[r.SkyAtmosphere.TransmittanceLUT.UseSmallFormat:0]]
[2021.11.05-23.37.30:713][  0]LogConfig: Setting CVar [[r.SkyAtmosphere.TransmittanceLUT.SampleCount:10.0]]
[2021.11.05-23.37.30:713][  0]LogConfig: Setting CVar [[r.SkyAtmosphere.MultiScatteringLUT.SampleCount:15.0]]
[2021.11.05-23.37.30:713][  0]LogConfig: Setting CVar [[r.SkyLight.RealTimeReflectionCapture:1]]
[2021.11.05-23.37.30:713][  0]LogConfig: Setting CVar [[fx.Niagara.QualityLevel:3]]
[2021.11.05-23.37.30:713][  0]LogConfig: Applying CVar settings from Section [FoliageQuality@3] File [C:/Users/desva/OneDrive/Documentos/GitHub/MyProject/Saved/Config/Windows/Scalability.ini]
[2021.11.05-23.37.30:713][  0]LogConfig: Setting CVar [[foliage.DensityScale:1.0]]
[2021.11.05-23.37.30:713][  0]LogConfig: Setting CVar [[grass.DensityScale:1.0]]
[2021.11.05-23.37.30:713][  0]LogConfig: Applying CVar settings from Section [ShadingQuality@3] File [C:/Users/desva/OneDrive/Documentos/GitHub/MyProject/Saved/Config/Windows/Scalability.ini]
[2021.11.05-23.37.30:713][  0]LogConfig: Setting CVar [[r.HairStrands.SkyLighting.IntegrationType:2]]
[2021.11.05-23.37.30:713][  0]LogConfig: Setting CVar [[r.HairStrands.SkyAO.SampleCount:4]]
[2021.11.05-23.37.30:713][  0]LogConfig: Setting CVar [[r.HairStrands.Visibility.MSAA.SamplePerPixel:4]]
[2021.11.05-23.37.30:713][  0]LogInit: Selected Device Profile: [Windows]
[2021.11.05-23.37.30:713][  0]LogInit: Applying CVar settings loaded from the selected device profile: [Windows]
[2021.11.05-23.37.30:713][  0]LogHAL: Display: Platform has ~ 16 GB [17121935360 / 17179869184 / 16], which maps to Larger [LargestMinGB=32, LargerMinGB=12, DefaultMinGB=8, SmallerMinGB=6, SmallestMinGB=0)
[2021.11.05-23.37.30:713][  0]LogInit: Going up to parent DeviceProfile []
[2021.11.05-23.37.30:713][  0]LogConfig: Applying CVar settings from Section [ViewDistanceQuality@3] File [C:/Users/desva/OneDrive/Documentos/GitHub/MyProject/Saved/Config/Windows/Scalability.ini]
[2021.11.05-23.37.30:713][  0]LogConfig: Setting CVar [[r.SkeletalMeshLODBias:0]]
[2021.11.05-23.37.30:713][  0]LogConfig: Setting CVar [[r.ViewDistanceScale:1.0]]
[2021.11.05-23.37.30:713][  0]LogConfig: Applying CVar settings from Section [AntiAliasingQuality@3] File [C:/Users/desva/OneDrive/Documentos/GitHub/MyProject/Saved/Config/Windows/Scalability.ini]
[2021.11.05-23.37.30:713][  0]LogConfig: Setting CVar [[r.PostProcessAAQuality:4]]
[2021.11.05-23.37.30:713][  0]LogConfig: Applying CVar settings from Section [ShadowQuality@3] File [C:/Users/desva/OneDrive/Documentos/GitHub/MyProject/Saved/Config/Windows/Scalability.ini]
[2021.11.05-23.37.30:713][  0]LogConfig: Setting CVar [[r.LightFunctionQuality:1]]
[2021.11.05-23.37.30:713][  0]LogConfig: Setting CVar [[r.ShadowQuality:5]]
[2021.11.05-23.37.30:713][  0]LogConfig: Setting CVar [[r.Shadow.CSM.MaxCascades:10]]
[2021.11.05-23.37.30:713][  0]LogConfig: Setting CVar [[r.Shadow.MaxResolution:2048]]
[2021.11.05-23.37.30:713][  0]LogConfig: Setting CVar [[r.Shadow.MaxCSMResolution:2048]]
[2021.11.05-23.37.30:713][  0]LogConfig: Setting CVar [[r.Shadow.RadiusThreshold:0.01]]
[2021.11.05-23.37.30:713][  0]LogConfig: Setting CVar [[r.Shadow.DistanceScale:1.0]]
[2021.11.05-23.37.30:713][  0]LogConfig: Setting CVar [[r.Shadow.CSM.TransitionScale:1.0]]
[2021.11.05-23.37.30:713][  0]LogConfig: Setting CVar [[r.Shadow.PreShadowResolutionFactor:1.0]]
[2021.11.05-23.37.30:713][  0]LogConfig: Setting CVar [[r.DistanceFieldShadowing:1]]
[2021.11.05-23.37.30:713][  0]LogConfig: Setting CVar [[r.DistanceFieldAO:1]]
[2021.11.05-23.37.30:713][  0]LogConfig: Setting CVar [[r.AOQuality:2]]
[2021.11.05-23.37.30:713][  0]LogConfig: Setting CVar [[r.VolumetricFog:1]]
[2021.11.05-23.37.30:713][  0]LogConfig: Setting CVar [[r.VolumetricFog.GridPixelSize:8]]
[2021.11.05-23.37.30:713][  0]LogConfig: Setting CVar [[r.VolumetricFog.GridSizeZ:128]]
[2021.11.05-23.37.30:713][  0]LogConfig: Setting CVar [[r.VolumetricFog.HistoryMissSupersampleCount:4]]
[2021.11.05-23.37.30:713][  0]LogConfig: Setting CVar [[r.LightMaxDrawDistanceScale:1]]
[2021.11.05-23.37.30:713][  0]LogConfig: Setting CVar [[r.CapsuleShadows:1]]
[2021.11.05-23.37.30:713][  0]LogConfig: Applying CVar settings from Section [PostProcessQuality@3] File [C:/Users/desva/OneDrive/Documentos/GitHub/MyProject/Saved/Config/Windows/Scalability.ini]
[2021.11.05-23.37.30:713][  0]LogConfig: Setting CVar [[r.MotionBlurQuality:4]]
[2021.11.05-23.37.30:713][  0]LogConfig: Setting CVar [[r.AmbientOcclusionMipLevelFactor:0.4]]
[2021.11.05-23.37.30:713][  0]LogConfig: Setting CVar [[r.AmbientOcclusionMaxQuality:100]]
[2021.11.05-23.37.30:713][  0]LogConfig: Setting CVar [[r.AmbientOcclusionLevels:-1]]
[2021.11.05-23.37.30:713][  0]LogConfig: Setting CVar [[r.AmbientOcclusionRadiusScale:1.0]]
[2021.11.05-23.37.30:713][  0]LogConfig: Setting CVar [[r.DepthOfFieldQuality:2]]
[2021.11.05-23.37.30:713][  0]LogConfig: Setting CVar [[r.RenderTargetPoolMin:400]]
[2021.11.05-23.37.30:713][  0]LogConfig: Setting CVar [[r.LensFlareQuality:2]]
[2021.11.05-23.37.30:713][  0]LogConfig: Setting CVar [[r.SceneColorFringeQuality:1]]
[2021.11.05-23.37.30:713][  0]LogConfig: Setting CVar [[r.EyeAdaptationQuality:2]]
[2021.11.05-23.37.30:713][  0]LogConfig: Setting CVar [[r.BloomQuality:5]]
[2021.11.05-23.37.30:713][  0]LogConfig: Setting CVar [[r.FastBlurThreshold:100]]
[2021.11.05-23.37.30:713][  0]LogConfig: Setting CVar [[r.Upscale.Quality:3]]
[2021.11.05-23.37.30:713][  0]LogConfig: Setting CVar [[r.Tonemapper.GrainQuantization:1]]
[2021.11.05-23.37.30:713][  0]LogConfig: Setting CVar [[r.LightShaftQuality:1]]
[2021.11.05-23.37.30:713][  0]LogConfig: Setting CVar [[r.Filter.SizeScale:1]]
[2021.11.05-23.37.30:713][  0]LogConfig: Setting CVar [[r.Tonemapper.Quality:5]]
[2021.11.05-23.37.30:713][  0]LogConfig: Setting CVar [[r.DOF.Gather.AccumulatorQuality:1        ; higher gathering accumulator quality]]
[2021.11.05-23.37.30:713][  0]LogConfig: Setting CVar [[r.DOF.Gather.PostfilterMethod:1          ; Median3x3 postfilering method]]
[2021.11.05-23.37.30:713][  0]LogConfig: Setting CVar [[r.DOF.Gather.EnableBokehSettings:0       ; no bokeh simulation when gathering]]
[2021.11.05-23.37.30:713][  0]LogConfig: Setting CVar [[r.DOF.Gather.RingCount:4                 ; medium number of samples when gathering]]
[2021.11.05-23.37.30:713][  0]LogConfig: Setting CVar [[r.DOF.Scatter.ForegroundCompositing:1    ; additive foreground scattering]]
[2021.11.05-23.37.30:713][  0]LogConfig: Setting CVar [[r.DOF.Scatter.BackgroundCompositing:2    ; additive background scattering]]
[2021.11.05-23.37.30:713][  0]LogConfig: Setting CVar [[r.DOF.Scatter.EnableBokehSettings:1      ; bokeh simulation when scattering]]
[2021.11.05-23.37.30:713][  0]LogConfig: Setting CVar [[r.DOF.Scatter.MaxSpriteRatio:0.1         ; only a maximum of 10% of scattered bokeh]]
[2021.11.05-23.37.30:713][  0]LogConfig: Setting CVar [[r.DOF.Recombine.Quality:1                ; cheap slight out of focus]]
[2021.11.05-23.37.30:713][  0]LogConfig: Setting CVar [[r.DOF.Recombine.EnableBokehSettings:0    ; no bokeh simulation on slight out of focus]]
[2021.11.05-23.37.30:713][  0]LogConfig: Setting CVar [[r.DOF.TemporalAAQuality:1                ; more stable temporal accumulation]]
[2021.11.05-23.37.30:713][  0]LogConfig: Setting CVar [[r.DOF.Kernel.MaxForegroundRadius:0.025]]
[2021.11.05-23.37.30:713][  0]LogConfig: Setting CVar [[r.DOF.Kernel.MaxBackgroundRadius:0.025]]
[2021.11.05-23.37.30:713][  0]LogConfig: Applying CVar settings from Section [TextureQuality@3] File [C:/Users/desva/OneDrive/Documentos/GitHub/MyProject/Saved/Config/Windows/Scalability.ini]
[2021.11.05-23.37.30:713][  0]LogConfig: Setting CVar [[r.Streaming.MipBias:0]]
[2021.11.05-23.37.30:713][  0]LogConfig: Setting CVar [[r.Streaming.AmortizeCPUToGPUCopy:0]]
[2021.11.05-23.37.30:713][  0]LogConfig: Setting CVar [[r.Streaming.MaxNumTexturesToStreamPerFrame:0]]
[2021.11.05-23.37.30:713][  0]LogConfig: Setting CVar [[r.Streaming.Boost:1]]
[2021.11.05-23.37.30:713][  0]LogConfig: Setting CVar [[r.MaxAnisotropy:8]]
[2021.11.05-23.37.30:713][  0]LogConfig: Setting CVar [[r.VT.MaxAnisotropy:8]]
[2021.11.05-23.37.30:713][  0]LogConfig: Setting CVar [[r.Streaming.LimitPoolSizeToVRAM:0]]
[2021.11.05-23.37.30:714][  0]LogConfig: Setting CVar [[r.Streaming.PoolSize:1000]]
[2021.11.05-23.37.30:714][  0]LogConfig: Setting CVar [[r.Streaming.MaxEffectiveScreenSize:0]]
[2021.11.05-23.37.30:714][  0]LogConfig: Applying CVar settings from Section [EffectsQuality@3] File [C:/Users/desva/OneDrive/Documentos/GitHub/MyProject/Saved/Config/Windows/Scalability.ini]
[2021.11.05-23.37.30:714][  0]LogConfig: Setting CVar [[r.TranslucencyLightingVolumeDim:64]]
[2021.11.05-23.37.30:714][  0]LogConfig: Setting CVar [[r.RefractionQuality:2]]
[2021.11.05-23.37.30:714][  0]LogConfig: Setting CVar [[r.SSR.Quality:3]]
[2021.11.05-23.37.30:714][  0]LogConfig: Setting CVar [[r.SSR.HalfResSceneColor:0]]
[2021.11.05-23.37.30:714][  0]LogConfig: Setting CVar [[r.SceneColorFormat:4]]
[2021.11.05-23.37.30:714][  0]LogConfig: Setting CVar [[r.DetailMode:2]]
[2021.11.05-23.37.30:714][  0]LogConfig: Setting CVar [[r.TranslucencyVolumeBlur:1]]
[2021.11.05-23.37.30:714][  0]LogConfig: Setting CVar [[r.MaterialQualityLevel:1 ; High quality]]
[2021.11.05-23.37.30:714][  0]LogConfig: Setting CVar [[r.AnisotropicMaterials:1]]
[2021.11.05-23.37.30:714][  0]LogConfig: Setting CVar [[r.SSS.Scale:1]]
[2021.11.05-23.37.30:714][  0]LogConfig: Setting CVar [[r.SSS.SampleSet:2]]
[2021.11.05-23.37.30:714][  0]LogConfig: Setting CVar [[r.SSS.Quality:1]]
[2021.11.05-23.37.30:714][  0]LogConfig: Setting CVar [[r.SSS.HalfRes:0]]
[2021.11.05-23.37.30:714][  0]LogConfig: Setting CVar [[r.SSGI.Quality:3]]
[2021.11.05-23.37.30:714][  0]LogConfig: Setting CVar [[r.EmitterSpawnRateScale:1.0]]
[2021.11.05-23.37.30:714][  0]LogConfig: Setting CVar [[r.ParticleLightQuality:2]]
[2021.11.05-23.37.30:714][  0]LogConfig: Setting CVar [[r.SkyAtmosphere.AerialPerspectiveLUT.FastApplyOnOpaque:1 ; Always have FastSkyLUT 1 in this case to avoid wrong sky]]
[2021.11.05-23.37.30:714][  0]LogConfig: Setting CVar [[r.SkyAtmosphere.AerialPerspectiveLUT.SampleCountMaxPerSlice:4]]
[2021.11.05-23.37.30:714][  0]LogConfig: Setting CVar [[r.SkyAtmosphere.AerialPerspectiveLUT.DepthResolution:16.0]]
[2021.11.05-23.37.30:714][  0]LogConfig: Setting CVar [[r.SkyAtmosphere.FastSkyLUT:1]]
[2021.11.05-23.37.30:714][  0]LogConfig: Setting CVar [[r.SkyAtmosphere.FastSkyLUT.SampleCountMin:4.0]]
[2021.11.05-23.37.30:714][  0]LogConfig: Setting CVar [[r.SkyAtmosphere.FastSkyLUT.SampleCountMax:128.0]]
[2021.11.05-23.37.30:714][  0]LogConfig: Setting CVar [[r.SkyAtmosphere.SampleCountMin:4.0]]
[2021.11.05-23.37.30:714][  0]LogConfig: Setting CVar [[r.SkyAtmosphere.SampleCountMax:128.0]]
[2021.11.05-23.37.30:714][  0]LogConfig: Setting CVar [[r.SkyAtmosphere.TransmittanceLUT.UseSmallFormat:0]]
[2021.11.05-23.37.30:714][  0]LogConfig: Setting CVar [[r.SkyAtmosphere.TransmittanceLUT.SampleCount:10.0]]
[2021.11.05-23.37.30:714][  0]LogConfig: Setting CVar [[r.SkyAtmosphere.MultiScatteringLUT.SampleCount:15.0]]
[2021.11.05-23.37.30:714][  0]LogConfig: Setting CVar [[r.SkyLight.RealTimeReflectionCapture:1]]
[2021.11.05-23.37.30:714][  0]LogConfig: Setting CVar [[fx.Niagara.QualityLevel:3]]
[2021.11.05-23.37.30:714][  0]LogConfig: Applying CVar settings from Section [FoliageQuality@3] File [C:/Users/desva/OneDrive/Documentos/GitHub/MyProject/Saved/Config/Windows/Scalability.ini]
[2021.11.05-23.37.30:714][  0]LogConfig: Setting CVar [[foliage.DensityScale:1.0]]
[2021.11.05-23.37.30:714][  0]LogConfig: Setting CVar [[grass.DensityScale:1.0]]
[2021.11.05-23.37.30:714][  0]LogConfig: Applying CVar settings from Section [ShadingQuality@3] File [C:/Users/desva/OneDrive/Documentos/GitHub/MyProject/Saved/Config/Windows/Scalability.ini]
[2021.11.05-23.37.30:714][  0]LogConfig: Setting CVar [[r.HairStrands.SkyLighting.IntegrationType:2]]
[2021.11.05-23.37.30:714][  0]LogConfig: Setting CVar [[r.HairStrands.SkyAO.SampleCount:4]]
[2021.11.05-23.37.30:714][  0]LogConfig: Setting CVar [[r.HairStrands.Visibility.MSAA.SamplePerPixel:4]]
[2021.11.05-23.37.30:714][  0]LogConfig: Applying CVar settings from Section [Startup] File [../../../Engine/Config/ConsoleVariables.ini]
[2021.11.05-23.37.30:714][  0]LogConfig: Setting CVar [[net.UseAdaptiveNetUpdateFrequency:0]]
[2021.11.05-23.37.30:714][  0]LogConfig: Setting CVar [[p.chaos.AllowCreatePhysxBodies:1]]
[2021.11.05-23.37.30:714][  0]LogConfig: Setting CVar [[fx.SkipVectorVMBackendOptimizations:1]]
[2021.11.05-23.37.30:714][  0]LogConfig: Applying CVar settings from Section [ConsoleVariables] File [C:/Users/desva/OneDrive/Documentos/GitHub/MyProject/Saved/Config/Windows/Engine.ini]
[2021.11.05-23.37.30:714][  0]LogConfig: Applying CVar settings from Section [ConsoleVariables] File [C:/Users/desva/OneDrive/Documentos/GitHub/MyProject/Saved/Config/Windows/Editor.ini]
[2021.11.05-23.37.30:714][  0]LogInit: Computer: DESKTOP-BCSQFSH
[2021.11.05-23.37.30:714][  0]LogInit: User: desva
[2021.11.05-23.37.30:714][  0]LogInit: CPU Page size=4096, Cores=6
[2021.11.05-23.37.30:714][  0]LogInit: High frequency timer resolution =10.000000 MHz
[2021.11.05-23.37.30:714][  0]LogMemory: Memory total: Physical=15.9GB (16GB approx)
[2021.11.05-23.37.30:714][  0]LogMemory: Platform Memory Stats for Windows
[2021.11.05-23.37.30:714][  0]LogMemory: Process Physical Memory: 145.82 MB used, 145.82 MB peak
[2021.11.05-23.37.30:714][  0]LogMemory: Process Virtual Memory: 114.50 MB used, 114.50 MB peak
[2021.11.05-23.37.30:714][  0]LogMemory: Physical Memory: 6737.15 MB used,  9591.60 MB free, 16328.75 MB total
[2021.11.05-23.37.30:714][  0]LogMemory: Virtual Memory: 134205640.00 MB used,  12088.05 MB free, 134217728.00 MB total
[2021.11.05-23.37.30:719][  0]LogWindows: WindowsPlatformFeatures enabled
[2021.11.05-23.37.30:754][  0]LogInit: Physics initialised using underlying interface: PhysX
[2021.11.05-23.37.30:755][  0]LogInit: Using OS detected language (es-MX).
[2021.11.05-23.37.30:755][  0]LogInit: Using OS detected locale (es-MX).
[2021.11.05-23.37.30:757][  0]LogTextLocalizationResource: LocRes '../../../Engine/Content/Localization/Editor/es-MX/Editor.locres' could not be opened for reading!
[2021.11.05-23.37.30:757][  0]LogTextLocalizationResource: LocRes '../../../Engine/Content/Localization/EditorTutorials/es-MX/EditorTutorials.locres' could not be opened for reading!
[2021.11.05-23.37.30:757][  0]LogTextLocalizationResource: LocRes '../../../Engine/Content/Localization/Keywords/es-MX/Keywords.locres' could not be opened for reading!
[2021.11.05-23.37.30:757][  0]LogTextLocalizationResource: LocRes '../../../Engine/Content/Localization/Category/es-MX/Category.locres' could not be opened for reading!
[2021.11.05-23.37.30:757][  0]LogTextLocalizationResource: LocRes '../../../Engine/Content/Localization/ToolTips/es-MX/ToolTips.locres' could not be opened for reading!
[2021.11.05-23.37.30:757][  0]LogTextLocalizationResource: LocRes '../../../Engine/Content/Localization/PropertyNames/es-MX/PropertyNames.locres' could not be opened for reading!
[2021.11.05-23.37.30:757][  0]LogTextLocalizationResource: LocRes '../../../Engine/Content/Localization/Engine/es-MX/Engine.locres' could not be opened for reading!
[2021.11.05-23.37.30:757][  0]LogTextLocalizationResource: LocRes '../../../Engine/Plugins/Online/OnlineSubsystemUtils/Content/Localization/OnlineSubsystemUtils/es-MX/OnlineSubsystemUtils.locres' could not be opened for reading!
[2021.11.05-23.37.30:757][  0]LogTextLocalizationResource: LocRes '../../../Engine/Plugins/Online/Android/OnlineSubsystemGooglePlay/Content/Localization/OnlineSubsystemGooglePlay/es-MX/OnlineSubsystemGooglePlay.locres' could not be opened for reading!
[2021.11.05-23.37.30:757][  0]LogTextLocalizationResource: LocRes '../../../Engine/Plugins/Online/IOS/OnlineSubsystemIOS/Content/Localization/OnlineSubsystemIOS/es-MX/OnlineSubsystemIOS.locres' could not be opened for reading!
[2021.11.05-23.37.30:786][  0]LogInit: Setting process to per monitor DPI aware
[2021.11.05-23.37.30:812][  0]LogWindowsTextInputMethodSystem: Display: IME system deactivated.
[2021.11.05-23.37.30:822][  0]LogSlate: New Slate User Created.  User Index 0, Is Virtual User: 0
[2021.11.05-23.37.30:822][  0]LogSlate: Slate User Registered.  User Index 0, Is Virtual User: 0
[2021.11.05-23.37.30:995][  0]LogD3D11RHI: Loaded GFSDK_Aftermath_Lib.x64.dll
[2021.11.05-23.37.30:997][  0]LogHMD: Failed to initialize OpenVR with code 110
[2021.11.05-23.37.30:997][  0]LogD3D11RHI: D3D11 min allowed feature level: 11_0
[2021.11.05-23.37.30:997][  0]LogD3D11RHI: D3D11 max allowed feature level: 11_0
[2021.11.05-23.37.30:997][  0]LogD3D11RHI: D3D11 adapters:
[2021.11.05-23.37.31:085][  0]LogD3D11RHI:    0. 'NVIDIA GeForce GTX 1050 Ti' (Feature Level 11_0)
[2021.11.05-23.37.31:085][  0]LogD3D11RHI:       4018/0/8164 MB DedicatedVideo/DedicatedSystem/SharedSystem, Outputs:1, VendorId:0x10de
[2021.11.05-23.37.31:087][  0]LogD3D11RHI:    1. 'Microsoft Basic Render Driver' (Feature Level 11_0)
[2021.11.05-23.37.31:087][  0]LogD3D11RHI:       0/0/8164 MB DedicatedVideo/DedicatedSystem/SharedSystem, Outputs:0, VendorId:0x1414
[2021.11.05-23.37.31:087][  0]LogD3D11RHI: Chosen D3D11 Adapter:
[2021.11.05-23.37.31:087][  0]LogD3D11RHI:     Description : NVIDIA GeForce GTX 1050 Ti
[2021.11.05-23.37.31:087][  0]LogD3D11RHI:     VendorId    : 10de
[2021.11.05-23.37.31:087][  0]LogD3D11RHI:     DeviceId    : 1c82
[2021.11.05-23.37.31:087][  0]LogD3D11RHI:     SubSysId    : 862a1043
[2021.11.05-23.37.31:087][  0]LogD3D11RHI:     Revision    : 00a1
[2021.11.05-23.37.31:087][  0]LogD3D11RHI:     DedicatedVideoMemory : 4213178368 bytes
[2021.11.05-23.37.31:087][  0]LogD3D11RHI:     DedicatedSystemMemory : 0 bytes
[2021.11.05-23.37.31:087][  0]LogD3D11RHI:     SharedSystemMemory : 8560967680 bytes
[2021.11.05-23.37.31:087][  0]LogD3D11RHI:     AdapterLuid : 0 45370
[2021.11.05-23.37.31:093][  0]LogD3D11RHI: Creating new Direct3DDevice
[2021.11.05-23.37.31:093][  0]LogD3D11RHI:     GPU DeviceId: 0x1c82 (for the marketing name, search the web for "GPU Device Id")
[2021.11.05-23.37.31:093][  0]LogWindows: EnumDisplayDevices:
[2021.11.05-23.37.31:093][  0]LogWindows:    0. 'NVIDIA GeForce GTX 1050 Ti' (P:1 D:1)
[2021.11.05-23.37.31:093][  0]LogWindows:    1. 'NVIDIA GeForce GTX 1050 Ti' (P:0 D:0)
[2021.11.05-23.37.31:093][  0]LogWindows:    2. 'NVIDIA GeForce GTX 1050 Ti' (P:0 D:0)
[2021.11.05-23.37.31:094][  0]LogWindows:    3. 'NVIDIA GeForce GTX 1050 Ti' (P:0 D:0)
[2021.11.05-23.37.31:094][  0]LogWindows: DebugString: FoundDriverCount:4 
[2021.11.05-23.37.31:094][  0]LogD3D11RHI:     Adapter Name: NVIDIA GeForce GTX 1050 Ti
[2021.11.05-23.37.31:094][  0]LogD3D11RHI:   Driver Version: 496.49 (internal:30.0.14.9649, unified:496.49)
[2021.11.05-23.37.31:094][  0]LogD3D11RHI:      Driver Date: 10-20-2021
[2021.11.05-23.37.31:094][  0]LogRHI: Texture pool is 2812 MB (70% of 4018 MB)
[2021.11.05-23.37.31:094][  0]LogD3D11RHI: Creating D3DDevice using adapter:
[2021.11.05-23.37.31:094][  0]LogD3D11RHI:     Description : NVIDIA GeForce GTX 1050 Ti
[2021.11.05-23.37.31:094][  0]LogD3D11RHI:     VendorId    : 10de
[2021.11.05-23.37.31:094][  0]LogD3D11RHI:     DeviceId    : 1c82
[2021.11.05-23.37.31:094][  0]LogD3D11RHI:     SubSysId    : 862a1043
[2021.11.05-23.37.31:094][  0]LogD3D11RHI:     Revision    : 00a1
[2021.11.05-23.37.31:094][  0]LogD3D11RHI:     DedicatedVideoMemory : 4213178368 bytes
[2021.11.05-23.37.31:094][  0]LogD3D11RHI:     DedicatedSystemMemory : 0 bytes
[2021.11.05-23.37.31:094][  0]LogD3D11RHI:     SharedSystemMemory : 8560967680 bytes
[2021.11.05-23.37.31:094][  0]LogD3D11RHI:     AdapterLuid : 0 45370
[2021.11.05-23.37.31:146][  0]LogD3D11RHI: RHI has support for 64 bit atomics
[2021.11.05-23.37.31:147][  0]LogD3D11RHI: Async texture creation enabled
[2021.11.05-23.37.31:147][  0]LogD3D11RHI: Array index from any shader is supported
[2021.11.05-23.37.31:182][  0]LogD3D11RHI: GPU Timing Frequency: 1000.000000 (Debug: 2 1)
[2021.11.05-23.37.31:204][  0]LogRHI: GeForceNow SDK initialized: 1
[2021.11.05-23.37.31:433][  0]LogTargetPlatformManager: Display: Loaded TargetPlatform 'AllDesktop'
[2021.11.05-23.37.31:453][  0]LogTargetPlatformManager: Display: Loaded TargetPlatform 'Android'
[2021.11.05-23.37.31:453][  0]LogTargetPlatformManager: Display: Loaded TargetPlatform 'Android_ASTC'
[2021.11.05-23.37.31:453][  0]LogTargetPlatformManager: Display: Loaded TargetPlatform 'Android_DXT'
[2021.11.05-23.37.31:453][  0]LogTargetPlatformManager: Display: Loaded TargetPlatform 'Android_ETC2'
[2021.11.05-23.37.31:453][  0]LogTargetPlatformManager: Display: Loaded TargetPlatform 'AndroidClient'
[2021.11.05-23.37.31:453][  0]LogTargetPlatformManager: Display: Loaded TargetPlatform 'Android_ASTCClient'
[2021.11.05-23.37.31:453][  0]LogTargetPlatformManager: Display: Loaded TargetPlatform 'Android_DXTClient'
[2021.11.05-23.37.31:453][  0]LogTargetPlatformManager: Display: Loaded TargetPlatform 'Android_ETC2Client'
[2021.11.05-23.37.31:453][  0]LogTargetPlatformManager: Display: Loaded TargetPlatform 'Android_Multi'
[2021.11.05-23.37.31:453][  0]LogTargetPlatformManager: Display: Loaded TargetPlatform 'Android_MultiClient'
[2021.11.05-23.37.31:470][  0]LogTargetPlatformManager: Display: Loaded TargetPlatform 'IOSClient'
[2021.11.05-23.37.31:470][  0]LogTargetPlatformManager: Display: Loaded TargetPlatform 'IOS'
[2021.11.05-23.37.31:478][  0]LogTargetPlatformManager: Display: Loaded TargetPlatform 'Linux'
[2021.11.05-23.37.31:483][  0]LogTargetPlatformManager: Display: Loaded TargetPlatform 'LinuxNoEditor'
[2021.11.05-23.37.31:486][  0]LogTargetPlatformManager: Display: Loaded TargetPlatform 'LinuxClient'
[2021.11.05-23.37.31:491][  0]LogTargetPlatformManager: Display: Loaded TargetPlatform 'LinuxServer'
[2021.11.05-23.37.31:500][  0]LogTargetPlatformManager: Display: Loaded TargetPlatform 'LinuxAArch64NoEditor'
[2021.11.05-23.37.31:504][  0]LogTargetPlatformManager: Display: Loaded TargetPlatform 'LinuxAArch64Client'
[2021.11.05-23.37.31:508][  0]LogTargetPlatformManager: Display: Loaded TargetPlatform 'LinuxAArch64Server'
[2021.11.05-23.37.31:531][  0]LogTargetPlatformManager: Display: Loaded TargetPlatform 'Lumin'
[2021.11.05-23.37.31:531][  0]LogTargetPlatformManager: Display: Loaded TargetPlatform 'LuminClient'
[2021.11.05-23.37.31:539][  0]LogTargetPlatformManager: Display: Loaded TargetPlatform 'MacNoEditor'
[2021.11.05-23.37.31:543][  0]LogTargetPlatformManager: Display: Loaded TargetPlatform 'Mac'
[2021.11.05-23.37.31:547][  0]LogTargetPlatformManager: Display: Loaded TargetPlatform 'MacClient'
[2021.11.05-23.37.31:551][  0]LogTargetPlatformManager: Display: Loaded TargetPlatform 'MacServer'
[2021.11.05-23.37.31:560][  0]LogTargetPlatformManager: Display: Loaded TargetPlatform 'TVOSClient'
[2021.11.05-23.37.31:560][  0]LogTargetPlatformManager: Display: Loaded TargetPlatform 'TVOS'
[2021.11.05-23.37.31:569][  0]LogTargetPlatformManager: Display: Loaded TargetPlatform 'WindowsNoEditor'
[2021.11.05-23.37.31:573][  0]LogTargetPlatformManager: Display: Loaded TargetPlatform 'Windows'
[2021.11.05-23.37.31:577][  0]LogTargetPlatformManager: Display: Loaded TargetPlatform 'WindowsClient'
[2021.11.05-23.37.31:581][  0]LogTargetPlatformManager: Display: Loaded TargetPlatform 'WindowsServer'
[2021.11.05-23.37.31:581][  0]LogTargetPlatformManager: Display: Building Assets For Windows
[2021.11.05-23.37.31:588][  0]LogAudioDebug: Display: Lib vorbis DLL was dynamically loaded.
[2021.11.05-23.37.31:614][  0]LogTextureFormatOodle: Display: Oodle Texture 2.9.0 init RDO Off
[2021.11.05-23.37.31:640][  0]LogRendererCore: Ray tracing is disabled. Reason: r.RayTracing=0.
[2021.11.05-23.37.31:640][  0]LogShaderCompilers: Guid format shader working directory is -6 characters bigger than the processId version (C:/Users/desva/OneDrive/Documentos/GitHub/MyProject/Intermediate/Shaders/WorkingDirectory/24176/).
[2021.11.05-23.37.31:640][  0]LogShaderCompilers: Cleaned the shader compiler working directory 'C:/Users/desva/AppData/Local/Temp/UnrealShaderWorkingDir/17AC0EC545A4800E1AF833B1E3E525BF/'.
[2021.11.05-23.37.31:640][  0]LogXGEController: Cannot use XGE Controller as Incredibuild is not installed on this machine.
[2021.11.05-23.37.31:640][  0]LogShaderCompilers: Cannot use XGE Shader Compiler as Incredibuild is not installed on this machine.
[2021.11.05-23.37.31:640][  0]LogShaderCompilers: Display: Using Local Shader Compiler.
[2021.11.05-23.37.32:326][  0]LogDerivedDataCache: Display: Max Cache Size: 512 MB
[2021.11.05-23.37.32:377][  0]LogDerivedDataCache: Loaded boot cache 0.05s 105MB C:/Users/desva/AppData/Local/UnrealEngine/4.27/DerivedDataCache/Boot.ddc.
[2021.11.05-23.37.32:377][  0]LogDerivedDataCache: Display: Loaded Boot cache: C:/Users/desva/AppData/Local/UnrealEngine/4.27/DerivedDataCache/Boot.ddc
[2021.11.05-23.37.32:377][  0]LogDerivedDataCache: FDerivedDataBackendGraph:  Pak pak cache file C:/Users/desva/OneDrive/Documentos/GitHub/MyProject/DerivedDataCache/DDC.ddp not found, will not use a pak cache.
[2021.11.05-23.37.32:377][  0]LogDerivedDataCache: Unable to find inner node Pak for hierarchical cache Hierarchy.
[2021.11.05-23.37.32:377][  0]LogDerivedDataCache: FDerivedDataBackendGraph:  CompressedPak pak cache file C:/Users/desva/OneDrive/Documentos/GitHub/MyProject/DerivedDataCache/Compressed.ddp not found, will not use a pak cache.
[2021.11.05-23.37.32:377][  0]LogDerivedDataCache: Unable to find inner node CompressedPak for hierarchical cache Hierarchy.
[2021.11.05-23.37.32:393][  0]LogDerivedDataCache: Display: Pak cache opened for reading ../../../Engine/DerivedDataCache/Compressed.ddp.
[2021.11.05-23.37.32:393][  0]LogDerivedDataCache: FDerivedDataBackendGraph:  EnterprisePak pak cache file ../../../Enterprise/DerivedDataCache/Compressed.ddp not found, will not use a pak cache.
[2021.11.05-23.37.32:393][  0]LogDerivedDataCache: Unable to find inner node EnterprisePak for hierarchical cache Hierarchy.
[2021.11.05-23.37.32:399][  0]LogDerivedDataCache: Speed tests for C:/Users/desva/AppData/Local/UnrealEngine/Common/DerivedDataCache took 0.01 seconds
[2021.11.05-23.37.32:399][  0]LogDerivedDataCache: Display: Performance to C:/Users/desva/AppData/Local/UnrealEngine/Common/DerivedDataCache: Latency=0.03ms. RandomReadSpeed=1559.36MBs, RandomWriteSpeed=192.29MBs. Assigned SpeedClass 'Local'
[2021.11.05-23.37.32:401][  0]LogDerivedDataCache: Using Local data cache path C:/Users/desva/AppData/Local/UnrealEngine/Common/DerivedDataCache: Writable
[2021.11.05-23.37.32:401][  0]LogDerivedDataCache: Shared data cache path not found in *engine.ini, will not use an Shared cache.
[2021.11.05-23.37.32:401][  0]LogDerivedDataCache: Unable to find inner node Shared for hierarchical cache Hierarchy.
[2021.11.05-23.37.32:443][  0]LogSlate: Using FreeType 2.10.0
[2021.11.05-23.37.32:444][  0]LogSlate: SlateFontServices - WITH_FREETYPE: 1, WITH_HARFBUZZ: 1
[2021.11.05-23.37.32:466][  0]LogAssetRegistry: FAssetRegistry took 0.0025 seconds to start up
[2021.11.05-23.37.32:690][  0]LogInit: Selected Device Profile: [Windows]
[2021.11.05-23.37.32:690][  0]LogInit: Active device profile: [000001B650C67100][000001B63EB9B380 49] Windows
[2021.11.05-23.37.32:690][  0]LogInit: Profiles: [000001B650C67100][000001B63EB9B380 49] Windows, [000001B650C25100][000001B63EBA3500 49] WindowsNoEditor, [000001B650C65100][000001B63EBA7680 49] WindowsServer, [000001B650C26800][000001B64F485800 49] WindowsClient, [000001B650C66700][000001B64F489980 49] IOS, [000001B650C27500][000001B64F48DB00 49] iPadAir, [000001B650C67400][000001B64F490100 49] iPadAir2, [000001B650BDB600][000001B64F4983C0 49] IPadPro, [000001B650BDB700][000001B64F494400 49] iPadAir3, [000001B650C64E00][000001B64F49C580 49] iPadAir4, [000001B650BD9600][000001B64F4A0700 49] iPadMini2, [000001B650C66E00][000001B64F4A4880 49] iPadMini3, [000001B650BDA200][000001B63EB9E9C0 49] iPadMini4, [000001B650C64100][000001B64F4A8B00 49] iPadMini5, [000001B650C22F00][000001B64F4B0D40 49] iPhone6, [000001B650C23000][000001B64F4ACD80 49] iPodTouch6, [000001B650BD8800][000001B64F4BD040 49] iPhone7, [000001B650BD8700][000001B64F4B9080 49] iPodTouch7, [000001B650C21500][000001B64F4C1200 49] iPhone5S, [000001B650BD9D00][000001B64F4C5380 49] iPhone6Plus, [000001B650C22300][000001B64F4C9500 49] iPhone6S, [000001B650BDA800][000001B64F4CD680 49] iPhone6SPlus, [000001B650C23A00][000001B64F4D1800 49] iPhone7Plus, [000001B650BDBE00][000001B64F4D5980 49] iPhoneSE, [000001B650C21700][000001B64F4D9B00 49] iPhone8, [000001B650BD9C00][000001B64F4DC100 49] iPhone8Plus, [000001B650C21E00][000001B64F4E0280 49] iPhoneX, [000001B650BDAF00][000001B64F4E4400 49] iPhoneXS, [000001B650C23400][000001B64F4E8580 49] iPhoneXSMax, [000001B650BD8B00][000001B64F4EC700 49] iPhoneXR, [000001B650C20200][000001B64F4F0880 49] iPhone11, [000001B650BDAC00][000001B64F4F4A00 49] iPhone11Pro, [000001B650C21100][000001B64F4B4B40 49] iPhone11ProMax, [000001B650BDBD00][000001B64F4F8C80 49] iPhoneSE2, [000001B650C22600][000001B64F4FCDC0 49] iPhone12Mini, [000001B650BD9000][000001B64F500F00 49] iPhone12, [000001B650C23800][000001B64F509080 49] iPhone12Pro, [000001B650BDA100][000001B64F50D200 49] iPhone12ProMax, [000001B650C23100][000001B64F511380 49] iPadPro105, [000001B650BDA900][000001B64F515500 49] iPadPro129, [000001B650C22500][000001B64F519680 49] iPadPro97, [000001B650BDA300][000001B64F51D800 49] iPadPro2_129, [000001B650C20500][000001B6506EF980 49] iPad5, [000001B650BD8100][000001B6506F3B00 49] iPad6, [000001B650C20600][000001B6506F6100 49] iPad7, [000001B650BD8E00][000001B6506FA280 49] iPad8, [000001B650C21800][000001B6506FE400 49] iPadPro11, [000001B650BD9800][000001B650702580 49] iPadPro2_11, [000001B650C20400][000001B650706700 49] iPadPro3_129, [000001B650BD9200][000001B65070A880 49] iPadPro4_129, [000001B650C21200][000001B65070EA00 49] AppleTV, [000001B650BD8600][000001B650712B80 49] AppleTV4K, [000001B650C21400][000001B650716D00 49] TVOS, [000001B650BDA600][000001B64F504E40 49] Mac, [000001B650C20700][000001B65071AF80 49] MacClient, [000001B650BDAE00][000001B65071F0C0 49] MacNoEditor, [000001B650C24A00][000001B650727240 49] MacServer, [000001B650CC8500][000001B65072B3C0 49] Linux, [000001B650C25000][000001B65072F540 49] LinuxAArch64, [000001B650CC9400][000001B6507336C0 49] LinuxNoEditor, [000001B650C24500][000001B650737840 49] LinuxAArch64NoEditor, [000001B650CC8100][000001B65073B9C0 49] LinuxClient, [000001B650C25500][000001B65073FB40 49] LinuxAArch64Client, [000001B650CC9600][000001B650742140 49] LinuxServer, [000001B650C26500][000001B6507462C0 49] LinuxAArch64Server, [000001B650CC9900][000001B65074A440 49] Android, [000001B650C26000][000001B65074E5C0 49] Android_Low, [000001B650CC9500][000001B650752740 49] Android_Mid, [000001B650C24E00][000001B6507568C0 49] Android_High, [000001B650CC9A00][000001B65075AA40 49] Android_Default, [000001B650C25B00][000001B65075EBC0 49] Android_Adreno4xx, [000001B650CC9800][000001B650762D40 49] Android_Adreno5xx_Low, [000001B650C24C00][000001B650766EC0 49] Android_Adreno5xx, [000001B650CC8D00][000001B650723000 49] Android_Adreno6xx, [000001B650C27100][000001B65076B140 49] Android_Adreno6xx_Vulkan, [000001B650CC8C00][000001B65076F280 49] Android_Mali_T6xx, [000001B650BDB200][000001B6507733C0 49] Android_Mali_T7xx, [000001B650C21B00][000001B65077B540 49] Android_Mali_T8xx, [000001B650BDA400][000001B65077F6C0 49] Android_Mali_G71, [000001B650C22800][000001B650783840 49] Android_Mali_G72, [000001B650BD9100][000001B6508139C0 49] Android_Mali_G72_Vulkan, [000001B650C20100][000001B650817B40 49] Android_Mali_G76, [000001B650BDB400][000001B650832140 49] Android_Mali_G76_Vulkan, [000001B650C21000][000001B6508D02C0 49] Android_Mali_G77, [000001B650BDA000][000001B6508D4440 49] Android_Mali_G77_Vulkan, [000001B650C21D00][000001B6508D85C0 49] Android_Mali_G78, [000001B650BDB500][000001B6508DC740 49] Android_Mali_G78_Vulkan, [000001B650CCA200][000001B6508E08C0 49] Android_Mali_G710, [000001B650BD8C00][000001B6508E4A40 49] Android_Mali_G710_Vulkan, [000001B650CC9B00][000001B6508E8BC0 49] Android_Vulkan_SM5, [000001B650BD9900][000001B6508ECD40 49] Android_PowerVR_G6xxx, [000001B650CC8600][000001B6508F0EC0 49] Android_PowerVR_GT7xxx, [000001B650BD9A00][000001B6508F5040 49] Android_PowerVR_GE8xxx, [000001B650CC8800][000001B650777180 49] Android_PowerVR_GM9xxx, [000001B650BD8F00][000001B6507872C0 49] Android_PowerVR_GM9xxx_Vulkan, [000001B650CCA000][000001B63EB89400 49] Android_TegraK1, [000001B650BDA700][000001B651D2B540 49] Android_Unknown_Vulkan, [000001B650CC8200][000001B651D336C0 49] Lumin, [000001B650BDBF00][000001B651D37840 49] Lumin_Desktop, [000001B650C23300][000001B651D3B9C0 49] HoloLens, 
[2021.11.05-23.37.32:818][  0]LogMeshReduction: Using QuadricMeshReduction for automatic static mesh reduction
[2021.11.05-23.37.32:818][  0]LogMeshReduction: Using SimplygonMeshReduction for automatic skeletal mesh reduction
[2021.11.05-23.37.32:818][  0]LogMeshReduction: Using ProxyLODMeshReduction for automatic mesh merging
[2021.11.05-23.37.32:818][  0]LogMeshReduction: No distributed automatic mesh merging module available
[2021.11.05-23.37.32:818][  0]LogMeshMerging: No distributed automatic mesh merging module available
[2021.11.05-23.37.32:832][  0]LogNetVersion: MyProject 1.0.0, NetCL: 17155196, EngineNetVer: 17, GameNetVer: 0 (Checksum: 3629800737)
[2021.11.05-23.37.33:291][  0]LogTexture: Default maximum texture size for cubemaps generated from long-lat sources has been changed from 512 to unlimited. In order to preserve old behaiour for '/Engine/MapTemplates/Sky/DaylightAmbientCubemap.DaylightAmbientCubemap', its maximum texture size has been explicitly set to 512.
[2021.11.05-23.37.35:165][  0]LogHMD: PokeAHoleMaterial loaded successfully
[2021.11.05-23.37.35:171][  0]LogUObjectArray: 17983 objects as part of root set at end of initial load.
[2021.11.05-23.37.35:171][  0]LogUObjectAllocator: 4627808 out of 0 bytes used by permanent object pool.
[2021.11.05-23.37.35:171][  0]LogUObjectArray: CloseDisregardForGC: 0/0 objects in disregard for GC pool
[2021.11.05-23.37.35:356][  0]LogPython: Using Python 3.7.7
[2021.11.05-23.37.35:802][  0]LogNiagaraDebuggerClient: Niagara Debugger Client Initialized | Session: 532CD4CB42D2E301C91F269C1FE0F623 | Instance: 41455AFC487A9D2FBD0BA391929C6E2B (DESKTOP-BCSQFSH-24176).
[2021.11.05-23.37.35:927][  0]LogImageWrapper: Warning: PNG Warning: Duplicate iCCP chunk
[2021.11.05-23.37.35:927][  0]LogImageWrapper: Warning: PNG Warning: Duplicate iCCP chunk
[2021.11.05-23.37.35:927][  0]LogUdpMessaging: Initializing bridge on interface 0.0.0.0:0 to multicast group 230.0.0.1:6666.
[2021.11.05-23.37.35:933][  0]LogTcpMessaging: Initializing TcpMessaging bridge
[2021.11.05-23.37.36:185][  0]SourceControl: El control de código fuente está desactivado
[2021.11.05-23.37.38:143][  0]LogUProjectInfo: Found projects:
[2021.11.05-23.37.38:309][  0]LogOpenImageDenoise: OIDN starting up
[2021.11.05-23.37.38:405][  0]LogAndroidPermission: UAndroidPermissionCallbackProxy::GetInstance
[2021.11.05-23.37.38:428][  0]LogAudioCaptureCore: Display: No Audio Capture implementations found. Audio input will be silent.
[2021.11.05-23.37.38:428][  0]LogAudioCaptureCore: Display: No Audio Capture implementations found. Audio input will be silent.
[2021.11.05-23.37.38:541][  0]LogCollectionManager: Loaded 0 collections in 0.000699 seconds
[2021.11.05-23.37.38:565][  0]LogFileCache: Scanning file cache for directory 'C:/Users/desva/OneDrive/Documentos/GitHub/MyProject/Saved/Collections/' took 0.00s
[2021.11.05-23.37.38:565][  0]LogFileCache: Scanning file cache for directory 'C:/Users/desva/OneDrive/Documentos/GitHub/MyProject/Content/Developers/desva/Collections/' took 0.00s
[2021.11.05-23.37.38:565][  0]LogFileCache: Scanning file cache for directory 'C:/Users/desva/OneDrive/Documentos/GitHub/MyProject/Content/Collections/' took 0.00s
[2021.11.05-23.37.38:565][  0]LogOcInput: OculusInput pre-init called
[2021.11.05-23.37.38:784][  0]LogImageWrapper: Warning: PNG Warning: Duplicate iCCP chunk
[2021.11.05-23.37.38:784][  0]LogImageWrapper: Warning: PNG Warning: Duplicate iCCP chunk
[2021.11.05-23.37.38:784][  0]LogEngine: Initializing Engine...
[2021.11.05-23.37.38:930][  0]LogHMD: Failed to enumerate extensions. Please check that you have a valid OpenXR runtime installed.
[2021.11.05-23.37.38:938][  0]LogHMD: Failed to initialize OpenVR with code 110
[2021.11.05-23.37.38:947][  0]LogMagicLeap: Warning: VR disabled because ZI is not enabled.  To enable, in the editor, Edit -> Project Settings -> Plugins -> Magic Leap Plugin -> Enable Zero Iteration
[2021.11.05-23.37.38:948][  0]LogStats: UGameplayTagsManager::InitializeManager -  0.000 s
[2021.11.05-23.37.39:064][  0]LogInit: Initializing FReadOnlyCVARCache
[2021.11.05-23.37.39:122][  0]LogAIModule: Creating AISystem for world Untitled
[2021.11.05-23.37.39:123][  0]LogAudio: Display: Initializing Audio Device Manager...
[2021.11.05-23.37.39:126][  0]LogAudio: Display: Loading Default Audio Settings Objects...
[2021.11.05-23.37.39:127][  0]LogAudio: Display: No default SoundConcurrencyObject specified (or failed to load).
[2021.11.05-23.37.39:127][  0]LogAudio: Display: Audio Device Manager Initialized
[2021.11.05-23.37.39:127][  0]LogAudio: Display: Creating Audio Device:                 Id: 1, Scope: Shared, Realtime: True
[2021.11.05-23.37.39:127][  0]LogAudioMixer: Display: Audio Mixer Platform Settings:
[2021.11.05-23.37.39:127][  0]LogAudioMixer: Display: 	Sample Rate:						  48000
[2021.11.05-23.37.39:127][  0]LogAudioMixer: Display: 	Callback Buffer Frame Size Requested: 1024
[2021.11.05-23.37.39:127][  0]LogAudioMixer: Display: 	Callback Buffer Frame Size To Use:	  1024
[2021.11.05-23.37.39:127][  0]LogAudioMixer: Display: 	Number of buffers to queue:			  2
[2021.11.05-23.37.39:127][  0]LogAudioMixer: Display: 	Max Channels (voices):				  32
[2021.11.05-23.37.39:127][  0]LogAudioMixer: Display: 	Number of Async Source Workers:		  0
[2021.11.05-23.37.39:127][  0]LogAudio: Display: AudioDevice MaxSources: 32
[2021.11.05-23.37.39:128][  0]LogAudio: Display: Audio Spatialization Plugin: None (built-in).
[2021.11.05-23.37.39:128][  0]LogAudio: Display: Audio Reverb Plugin: None (built-in).
[2021.11.05-23.37.39:128][  0]LogAudio: Display: Audio Occlusion Plugin: None (built-in).
[2021.11.05-23.37.39:128][  0]LogAudioMixer: Display: Initializing audio mixer.
[2021.11.05-23.37.39:136][  0]LogAudioMixer: Display: 0: FrontLeft
[2021.11.05-23.37.39:136][  0]LogAudioMixer: Display: 1: FrontRight
[2021.11.05-23.37.39:178][  0]LogAudioMixer: Display: Using Audio Device Altavoces (Realtek High Definition Audio)
[2021.11.05-23.37.39:179][  0]LogAudioMixer: Display: Initializing Sound Submixes...
[2021.11.05-23.37.39:181][  0]LogAudioMixer: Display: Creating Master Submix 'MasterSubmixDefault'
[2021.11.05-23.37.39:181][  0]LogAudioMixer: Display: Creating Master Submix 'MasterReverbSubmixDefault'
[2021.11.05-23.37.39:182][  0]LogAudioMixer: Display: Creating Master Submix 'MasterEQSubmixDefault'
[2021.11.05-23.37.39:182][  0]LogAudioMixer: FMixerPlatformXAudio2::StartAudioStream() called
[2021.11.05-23.37.39:182][  0]LogAudioMixer: Display: Output buffers initialized: Frames=1024, Channels=2, Samples=2048
[2021.11.05-23.37.39:183][  0]LogAudioMixer: Display: Starting AudioMixerPlatformInterface::RunInternal()
[2021.11.05-23.37.39:183][  0]LogAudioMixer: Display: FMixerPlatformXAudio2::SubmitBuffer() called for the first time
[2021.11.05-23.37.39:183][  0]LogInit: FAudioDevice initialized.
[2021.11.05-23.37.39:183][  0]LogAudio: Display: Audio Device (ID: 1) registered with world 'Untitled'.
[2021.11.05-23.37.39:183][  0]LogNetVersion: Set ProjectVersion to 1.0.0.0. Version Checksum will be recalculated on next use.
[2021.11.05-23.37.39:406][  0]LogDerivedDataCache: Saved boot cache 0.22s 105MB C:/Users/desva/AppData/Local/UnrealEngine/4.27/DerivedDataCache/Boot.ddc.
[2021.11.05-23.37.39:406][  0]LogInit: Texture streaming: Enabled
[2021.11.05-23.37.39:418][  0]LogAnalytics: Display: [UEEditor.Rocket.Release] APIServer = https://datarouter.ol.epicgames.com/. AppVersion = 4.27.1-17735300+++UE4+Release-4.27
[2021.11.05-23.37.39:422][  0]LogEngineSessionManager: EngineSessionManager initialized
[2021.11.05-23.37.39:422][  0]LogEditorSessionSummary: Verbose: Initializing EditorSessionSummaryWriter for editor session tracking
[2021.11.05-23.37.39:423][  0]LogEditorSessionSummary: EditorSessionSummaryWriter initialized
[2021.11.05-23.37.39:448][  0]LogInit: Transaction tracking system initialized
[2021.11.05-23.37.39:468][  0]BlueprintLog: New page: Cargar el editor
[2021.11.05-23.37.39:529][  0]LocalizationService: Localization service is disabled
[2021.11.05-23.37.39:551][  0]TimingProfiler: Initialize
[2021.11.05-23.37.39:551][  0]TimingProfiler: OnSessionChanged
[2021.11.05-23.37.39:551][  0]LoadingProfiler: Initialize
[2021.11.05-23.37.39:551][  0]LoadingProfiler: OnSessionChanged
[2021.11.05-23.37.39:551][  0]NetworkingProfiler: Initialize
[2021.11.05-23.37.39:551][  0]NetworkingProfiler: OnSessionChanged
[2021.11.05-23.37.39:551][  0]MemoryProfiler: Initialize
[2021.11.05-23.37.39:552][  0]MemoryProfiler: OnSessionChanged
[2021.11.05-23.37.39:702][  0]LogCook: Display: CookSettings for Memory: MemoryMaxUsedVirtual 0MiB, MemoryMaxUsedPhysical 16384MiB, MemoryMinFreeVirtual 0MiB, MemoryMinFreePhysical 1024MiB
[2021.11.05-23.37.39:702][  0]LogCook: Display: Mobile HDR setting 1
[2021.11.05-23.37.40:250][  0]LogFileCache: Scanning file cache for directory 'C:/Users/desva/OneDrive/Documentos/GitHub/MyProject/Content/' took 0.05s
[2021.11.05-23.37.40:405][  0]LogImageWrapper: Warning: PNG Warning: Duplicate iCCP chunk
[2021.11.05-23.37.40:405][  0]LogImageWrapper: Warning: PNG Warning: Duplicate iCCP chunk
[2021.11.05-23.37.40:411][  0]LogInit: Display: Engine is initialized. Leaving FEngineLoop::Init()
[2021.11.05-23.37.40:414][  0]LogUnrealEdMisc: Loading editor; pre map load, took 11.536
[2021.11.05-23.37.40:414][  0]Cmd: MAP LOAD FILE="C:/Users/desva/OneDrive/Documentos/GitHub/MyProject/Content/ThirdPersonBP/Maps/ThirdPersonExampleMap.umap" TEMPLATE=0 SHOWPROGRESS=1 FEATURELEVEL=3
[2021.11.05-23.37.40:419][  0]LightingResults: New page: Diseñar la iluminación
[2021.11.05-23.37.40:420][  0]LogWorld: UWorld::CleanupWorld for Untitled, bSessionEnded=true, bCleanupResources=true
[2021.11.05-23.37.40:420][  0]LogSlate: InvalidateAllWidgets triggered.  All widgets were invalidated
[2021.11.05-23.37.40:420][  0]MapCheck: New page: Revisión del mapa
[2021.11.05-23.37.40:420][  0]LightingResults: New page: Diseñar la iluminación
[2021.11.05-23.37.40:424][  0]LogAudio: Display: Audio Device unregistered from world 'None'.
[2021.11.05-23.37.40:426][  0]LogUObjectHash: Compacting FUObjectHashTables data took   0.93ms
[2021.11.05-23.37.46:202][  0]LogBlueprint: Warning: [AssetLog] C:\Users\desva\OneDrive\Documentos\GitHub\MyProject\Content\ThirdPersonBP\Blueprints\Character\Eve_BP.uasset: [Compiler] Could not find a variable named "Casting1H" in 'ThirdPersonCharacter_C'.
Make sure 'ThirdPersonCharacter_C' has been compiled for  Obtener Casting1H
[2021.11.05-23.37.46:205][  0]LogBlueprint: Warning: [AssetLog] C:\Users\desva\OneDrive\Documentos\GitHub\MyProject\Content\ThirdPersonBP\Blueprints\Character\Eve_BP.uasset: [Compiler] Could not find a variable named "Casting1H" in 'ThirdPersonCharacter_C'.
Make sure 'ThirdPersonCharacter_C' has been compiled for  Obtener Casting1H
[2021.11.05-23.37.46:226][  0]LogBlueprint: Error: [AssetLog] C:\Users\desva\OneDrive\Documentos\GitHub\MyProject\Content\ThirdPersonBP\Blueprints\Character\Eve_BP.uasset: [Compiler] La propiedad asociada con  Casting 1H  no se ha encontrado
[2021.11.05-23.37.46:238][  0]LogBlueprint: Warning: [AssetLog] C:\Users\desva\OneDrive\Documentos\GitHub\MyProject\Content\ThirdPersonBP\Widget\HUD.uasset: [Compiler] Could not find a variable named "Health" in 'ThirdPersonCharacter_C'.
Make sure 'ThirdPersonCharacter_C' has been compiled for  Obtener Health
[2021.11.05-23.37.46:239][  0]LogBlueprint: Warning: [AssetLog] C:\Users\desva\OneDrive\Documentos\GitHub\MyProject\Content\ThirdPersonBP\Widget\HUD.uasset: [Compiler] Could not find a variable named "Mana" in 'ThirdPersonCharacter_C'.
Make sure 'ThirdPersonCharacter_C' has been compiled for  Obtener Mana
[2021.11.05-23.37.46:239][  0]LogBlueprint: Error: [AssetLog] C:\Users\desva\OneDrive\Documentos\GitHub\MyProject\Content\ThirdPersonBP\Widget\HUD.uasset: [Compiler] La propiedad asociada con  Health  no se ha encontrado
[2021.11.05-23.37.46:239][  0]LogBlueprint: Error: [AssetLog] C:\Users\desva\OneDrive\Documentos\GitHub\MyProject\Content\ThirdPersonBP\Widget\HUD.uasset: [Compiler] La propiedad asociada con  Mana  no se ha encontrado
[2021.11.05-23.37.53:025][  0]LogAudio: Display: Audio Device (ID: 1) registered with world 'Mapa_1'.
[2021.11.05-23.37.53:324][  0]LogEditorServer: Finished looking for orphan Actors (0.000 secs)
[2021.11.05-23.37.53:324][  0]LogAIModule: Creating AISystem for world Mapa_1
[2021.11.05-23.37.53:361][  0]LogUObjectHash: Compacting FUObjectHashTables data took   1.18ms
[2021.11.05-23.37.53:361][  0]Cmd: MAP CHECKDEP NOCLEARLOG
[2021.11.05-23.37.53:361][  0]MapCheck: Map check complete: 0 Error(s), 0 Warning(s), took 0.188ms to complete.
[2021.11.05-23.37.53:361][  0]LogFileHelpers: Loading map 'ThirdPersonExampleMap' took 12.948
[2021.11.05-23.37.53:363][  0]LogUnrealEdMisc: Total Editor Startup Time, took 24.485
[2021.11.05-23.37.54:262][  0]LogSlate: Updating window title bar state: overlay mode, drag disabled, window buttons hidden, title bar hidden
[2021.11.05-23.37.54:279][  0]LogSlate: Updating window title bar state: overlay mode, drag disabled, window buttons hidden, title bar hidden
[2021.11.05-23.37.54:285][  0]LogSlate: Updating window title bar state: overlay mode, drag disabled, window buttons hidden, title bar hidden
[2021.11.05-23.37.54:290][  0]LogSlate: Updating window title bar state: overlay mode, drag disabled, window buttons hidden, title bar hidden
[2021.11.05-23.37.54:614][  0]LogNativeClassHierarchy: Verbose: Native class hierarchy populated in 0.0098 seconds. Added 3880 classes and 940 folders.
[2021.11.05-23.37.54:712][  0]LogNativeClassHierarchy: Verbose: Native class hierarchy updated for 'WidgetCarousel' in 0.0003 seconds. Added 0 classes and 0 folders.
[2021.11.05-23.37.54:883][  0]LogPakFile: PakFile PrimaryIndexSize=187
[2021.11.05-23.37.54:883][  0]LogPakFile: PakFile PathHashIndexSize=101
[2021.11.05-23.37.54:883][  0]LogPakFile: PakFile FullDirectoryIndexSize=148
[2021.11.05-23.37.54:883][  0]LogShaderLibrary: Display: ShaderCodeLibraryPakFileMountedCallback: PakFile 'D:/Motor Program/UE_4.27/FeaturePacks/FP_FirstPerson.upack' (chunk index -1, root 'root:/') mounted
[2021.11.05-23.37.54:883][  0]LogShaderLibrary: Display: ShaderCodeLibraryPakFileMountedCallback: pending pak file info (ChunkID:-1 Root:root:/ File:D:/Motor Program/UE_4.27/FeaturePacks/FP_FirstPerson.upack)
[2021.11.05-23.37.54:883][  0]LogPakFile: OnPakFileMounted2Time == 0.000058
[2021.11.05-23.37.54:925][  0]LogPakFile: PakFile PrimaryIndexSize=189
[2021.11.05-23.37.54:926][  0]LogPakFile: PakFile PathHashIndexSize=101
[2021.11.05-23.37.54:926][  0]LogPakFile: PakFile FullDirectoryIndexSize=152
[2021.11.05-23.37.54:926][  0]LogShaderLibrary: Display: ShaderCodeLibraryPakFileMountedCallback: PakFile 'D:/Motor Program/UE_4.27/FeaturePacks/FP_FirstPersonBP.upack' (chunk index -1, root 'root:/') mounted
[2021.11.05-23.37.54:926][  0]LogShaderLibrary: Display: ShaderCodeLibraryPakFileMountedCallback: pending pak file info (ChunkID:-1 Root:root:/ File:D:/Motor Program/UE_4.27/FeaturePacks/FP_FirstPersonBP.upack)
[2021.11.05-23.37.54:926][  0]LogPakFile: OnPakFileMounted2Time == 0.000109
[2021.11.05-23.37.54:959][  0]LogPakFile: PakFile PrimaryIndexSize=191
[2021.11.05-23.37.54:959][  0]LogPakFile: PakFile PathHashIndexSize=101
[2021.11.05-23.37.54:959][  0]LogPakFile: PakFile FullDirectoryIndexSize=160
[2021.11.05-23.37.54:959][  0]LogShaderLibrary: Display: ShaderCodeLibraryPakFileMountedCallback: PakFile 'D:/Motor Program/UE_4.27/FeaturePacks/MobileStarterContent.upack' (chunk index -1, root 'root:/') mounted
[2021.11.05-23.37.54:959][  0]LogShaderLibrary: Display: ShaderCodeLibraryPakFileMountedCallback: pending pak file info (ChunkID:-1 Root:root:/ File:D:/Motor Program/UE_4.27/FeaturePacks/MobileStarterContent.upack)
[2021.11.05-23.37.54:959][  0]LogPakFile: OnPakFileMounted2Time == 0.000039
[2021.11.05-23.37.54:982][  0]LogPakFile: PakFile PrimaryIndexSize=185
[2021.11.05-23.37.54:982][  0]LogPakFile: PakFile PathHashIndexSize=101
[2021.11.05-23.37.54:982][  0]LogPakFile: PakFile FullDirectoryIndexSize=148
[2021.11.05-23.37.54:982][  0]LogShaderLibrary: Display: ShaderCodeLibraryPakFileMountedCallback: PakFile 'D:/Motor Program/UE_4.27/FeaturePacks/StarterContent.upack' (chunk index -1, root 'root:/') mounted
[2021.11.05-23.37.54:982][  0]LogShaderLibrary: Display: ShaderCodeLibraryPakFileMountedCallback: pending pak file info (ChunkID:-1 Root:root:/ File:D:/Motor Program/UE_4.27/FeaturePacks/StarterContent.upack)
[2021.11.05-23.37.54:982][  0]LogPakFile: OnPakFileMounted2Time == 0.000040
[2021.11.05-23.37.55:005][  0]LogPakFile: PakFile PrimaryIndexSize=190
[2021.11.05-23.37.55:005][  0]LogPakFile: PakFile PathHashIndexSize=101
[2021.11.05-23.37.55:005][  0]LogPakFile: PakFile FullDirectoryIndexSize=154
[2021.11.05-23.37.55:005][  0]LogShaderLibrary: Display: ShaderCodeLibraryPakFileMountedCallback: PakFile 'D:/Motor Program/UE_4.27/FeaturePacks/TP_2DSideScroller.upack' (chunk index -1, root 'root:/') mounted
[2021.11.05-23.37.55:005][  0]LogShaderLibrary: Display: ShaderCodeLibraryPakFileMountedCallback: pending pak file info (ChunkID:-1 Root:root:/ File:D:/Motor Program/UE_4.27/FeaturePacks/TP_2DSideScroller.upack)
[2021.11.05-23.37.55:005][  0]LogPakFile: OnPakFileMounted2Time == 0.000038
[2021.11.05-23.37.55:010][  0]LogPakFile: PakFile PrimaryIndexSize=192
[2021.11.05-23.37.55:010][  0]LogPakFile: PakFile PathHashIndexSize=101
[2021.11.05-23.37.55:010][  0]LogPakFile: PakFile FullDirectoryIndexSize=158
[2021.11.05-23.37.55:010][  0]LogShaderLibrary: Display: ShaderCodeLibraryPakFileMountedCallback: PakFile 'D:/Motor Program/UE_4.27/FeaturePacks/TP_2DSideScrollerBP.upack' (chunk index -1, root 'root:/') mounted
[2021.11.05-23.37.55:010][  0]LogShaderLibrary: Display: ShaderCodeLibraryPakFileMountedCallback: pending pak file info (ChunkID:-1 Root:root:/ File:D:/Motor Program/UE_4.27/FeaturePacks/TP_2DSideScrollerBP.upack)
[2021.11.05-23.37.55:010][  0]LogPakFile: OnPakFileMounted2Time == 0.000043
[2021.11.05-23.37.55:028][  0]LogPakFile: PakFile PrimaryIndexSize=182
[2021.11.05-23.37.55:028][  0]LogPakFile: PakFile PathHashIndexSize=101
[2021.11.05-23.37.55:028][  0]LogPakFile: PakFile FullDirectoryIndexSize=138
[2021.11.05-23.37.55:028][  0]LogShaderLibrary: Display: ShaderCodeLibraryPakFileMountedCallback: PakFile 'D:/Motor Program/UE_4.27/FeaturePacks/TP_Flying.upack' (chunk index -1, root 'root:/') mounted
[2021.11.05-23.37.55:028][  0]LogShaderLibrary: Display: ShaderCodeLibraryPakFileMountedCallback: pending pak file info (ChunkID:-1 Root:root:/ File:D:/Motor Program/UE_4.27/FeaturePacks/TP_Flying.upack)
[2021.11.05-23.37.55:028][  0]LogPakFile: OnPakFileMounted2Time == 0.000037
[2021.11.05-23.37.55:062][  0]LogPakFile: PakFile PrimaryIndexSize=184
[2021.11.05-23.37.55:063][  0]LogPakFile: PakFile PathHashIndexSize=101
[2021.11.05-23.37.55:063][  0]LogPakFile: PakFile FullDirectoryIndexSize=142
[2021.11.05-23.37.55:063][  0]LogShaderLibrary: Display: ShaderCodeLibraryPakFileMountedCallback: PakFile 'D:/Motor Program/UE_4.27/FeaturePacks/TP_FlyingBP.upack' (chunk index -1, root 'root:/') mounted
[2021.11.05-23.37.55:063][  0]LogShaderLibrary: Display: ShaderCodeLibraryPakFileMountedCallback: pending pak file info (ChunkID:-1 Root:root:/ File:D:/Motor Program/UE_4.27/FeaturePacks/TP_FlyingBP.upack)
[2021.11.05-23.37.55:063][  0]LogPakFile: OnPakFileMounted2Time == 0.000037
[2021.11.05-23.37.55:072][  0]LogPakFile: PakFile PrimaryIndexSize=188
[2021.11.05-23.37.55:073][  0]LogPakFile: PakFile PathHashIndexSize=101
[2021.11.05-23.37.55:073][  0]LogPakFile: PakFile FullDirectoryIndexSize=150
[2021.11.05-23.37.55:073][  0]LogShaderLibrary: Display: ShaderCodeLibraryPakFileMountedCallback: PakFile 'D:/Motor Program/UE_4.27/FeaturePacks/TP_HandheldARBP.upack' (chunk index -1, root 'root:/') mounted
[2021.11.05-23.37.55:073][  0]LogShaderLibrary: Display: ShaderCodeLibraryPakFileMountedCallback: pending pak file info (ChunkID:-1 Root:root:/ File:D:/Motor Program/UE_4.27/FeaturePacks/TP_HandheldARBP.upack)
[2021.11.05-23.37.55:073][  0]LogPakFile: OnPakFileMounted2Time == 0.000038
[2021.11.05-23.37.55:105][  0]LogPakFile: PakFile PrimaryIndexSize=182
[2021.11.05-23.37.55:105][  0]LogPakFile: PakFile PathHashIndexSize=101
[2021.11.05-23.37.55:105][  0]LogPakFile: PakFile FullDirectoryIndexSize=138
[2021.11.05-23.37.55:105][  0]LogShaderLibrary: Display: ShaderCodeLibraryPakFileMountedCallback: PakFile 'D:/Motor Program/UE_4.27/FeaturePacks/TP_Puzzle.upack' (chunk index -1, root 'root:/') mounted
[2021.11.05-23.37.55:105][  0]LogShaderLibrary: Display: ShaderCodeLibraryPakFileMountedCallback: pending pak file info (ChunkID:-1 Root:root:/ File:D:/Motor Program/UE_4.27/FeaturePacks/TP_Puzzle.upack)
[2021.11.05-23.37.55:105][  0]LogPakFile: OnPakFileMounted2Time == 0.000037
[2021.11.05-23.37.55:111][  0]LogPakFile: PakFile PrimaryIndexSize=184
[2021.11.05-23.37.55:111][  0]LogPakFile: PakFile PathHashIndexSize=101
[2021.11.05-23.37.55:111][  0]LogPakFile: PakFile FullDirectoryIndexSize=142
[2021.11.05-23.37.55:111][  0]LogShaderLibrary: Display: ShaderCodeLibraryPakFileMountedCallback: PakFile 'D:/Motor Program/UE_4.27/FeaturePacks/TP_PuzzleBP.upack' (chunk index -1, root 'root:/') mounted
[2021.11.05-23.37.55:111][  0]LogShaderLibrary: Display: ShaderCodeLibraryPakFileMountedCallback: pending pak file info (ChunkID:-1 Root:root:/ File:D:/Motor Program/UE_4.27/FeaturePacks/TP_PuzzleBP.upack)
[2021.11.05-23.37.55:111][  0]LogPakFile: OnPakFileMounted2Time == 0.000037
[2021.11.05-23.37.55:141][  0]LogPakFile: PakFile PrimaryIndexSize=183
[2021.11.05-23.37.55:141][  0]LogPakFile: PakFile PathHashIndexSize=101
[2021.11.05-23.37.55:141][  0]LogPakFile: PakFile FullDirectoryIndexSize=140
[2021.11.05-23.37.55:141][  0]LogShaderLibrary: Display: ShaderCodeLibraryPakFileMountedCallback: PakFile 'D:/Motor Program/UE_4.27/FeaturePacks/TP_Rolling.upack' (chunk index -1, root 'root:/') mounted
[2021.11.05-23.37.55:141][  0]LogShaderLibrary: Display: ShaderCodeLibraryPakFileMountedCallback: pending pak file info (ChunkID:-1 Root:root:/ File:D:/Motor Program/UE_4.27/FeaturePacks/TP_Rolling.upack)
[2021.11.05-23.37.55:141][  0]LogPakFile: OnPakFileMounted2Time == 0.000049
[2021.11.05-23.37.55:152][  0]LogPakFile: PakFile PrimaryIndexSize=185
[2021.11.05-23.37.55:152][  0]LogPakFile: PakFile PathHashIndexSize=101
[2021.11.05-23.37.55:152][  0]LogPakFile: PakFile FullDirectoryIndexSize=144
[2021.11.05-23.37.55:152][  0]LogShaderLibrary: Display: ShaderCodeLibraryPakFileMountedCallback: PakFile 'D:/Motor Program/UE_4.27/FeaturePacks/TP_RollingBP.upack' (chunk index -1, root 'root:/') mounted
[2021.11.05-23.37.55:152][  0]LogShaderLibrary: Display: ShaderCodeLibraryPakFileMountedCallback: pending pak file info (ChunkID:-1 Root:root:/ File:D:/Motor Program/UE_4.27/FeaturePacks/TP_RollingBP.upack)
[2021.11.05-23.37.55:152][  0]LogPakFile: OnPakFileMounted2Time == 0.000041
[2021.11.05-23.37.55:166][  0]LogPakFile: PakFile PrimaryIndexSize=188
[2021.11.05-23.37.55:166][  0]LogPakFile: PakFile PathHashIndexSize=101
[2021.11.05-23.37.55:166][  0]LogPakFile: PakFile FullDirectoryIndexSize=150
[2021.11.05-23.37.55:166][  0]LogShaderLibrary: Display: ShaderCodeLibraryPakFileMountedCallback: PakFile 'D:/Motor Program/UE_4.27/FeaturePacks/TP_SideScroller.upack' (chunk index -1, root 'root:/') mounted
[2021.11.05-23.37.55:166][  0]LogShaderLibrary: Display: ShaderCodeLibraryPakFileMountedCallback: pending pak file info (ChunkID:-1 Root:root:/ File:D:/Motor Program/UE_4.27/FeaturePacks/TP_SideScroller.upack)
[2021.11.05-23.37.55:166][  0]LogPakFile: OnPakFileMounted2Time == 0.000037
[2021.11.05-23.37.55:177][  0]LogPakFile: PakFile PrimaryIndexSize=190
[2021.11.05-23.37.55:177][  0]LogPakFile: PakFile PathHashIndexSize=101
[2021.11.05-23.37.55:177][  0]LogPakFile: PakFile FullDirectoryIndexSize=154
[2021.11.05-23.37.55:177][  0]LogShaderLibrary: Display: ShaderCodeLibraryPakFileMountedCallback: PakFile 'D:/Motor Program/UE_4.27/FeaturePacks/TP_SideScrollerBP.upack' (chunk index -1, root 'root:/') mounted
[2021.11.05-23.37.55:177][  0]LogShaderLibrary: Display: ShaderCodeLibraryPakFileMountedCallback: pending pak file info (ChunkID:-1 Root:root:/ File:D:/Motor Program/UE_4.27/FeaturePacks/TP_SideScrollerBP.upack)
[2021.11.05-23.37.55:177][  0]LogPakFile: OnPakFileMounted2Time == 0.000036
[2021.11.05-23.37.55:209][  0]LogPakFile: PakFile PrimaryIndexSize=187
[2021.11.05-23.37.55:209][  0]LogPakFile: PakFile PathHashIndexSize=101
[2021.11.05-23.37.55:210][  0]LogPakFile: PakFile FullDirectoryIndexSize=148
[2021.11.05-23.37.55:210][  0]LogShaderLibrary: Display: ShaderCodeLibraryPakFileMountedCallback: PakFile 'D:/Motor Program/UE_4.27/FeaturePacks/TP_ThirdPerson.upack' (chunk index -1, root 'root:/') mounted
[2021.11.05-23.37.55:210][  0]LogShaderLibrary: Display: ShaderCodeLibraryPakFileMountedCallback: pending pak file info (ChunkID:-1 Root:root:/ File:D:/Motor Program/UE_4.27/FeaturePacks/TP_ThirdPerson.upack)
[2021.11.05-23.37.55:210][  0]LogPakFile: OnPakFileMounted2Time == 0.000042
[2021.11.05-23.37.55:221][  0]LogPakFile: PakFile PrimaryIndexSize=189
[2021.11.05-23.37.55:221][  0]LogPakFile: PakFile PathHashIndexSize=101
[2021.11.05-23.37.55:221][  0]LogPakFile: PakFile FullDirectoryIndexSize=152
[2021.11.05-23.37.55:221][  0]LogShaderLibrary: Display: ShaderCodeLibraryPakFileMountedCallback: PakFile 'D:/Motor Program/UE_4.27/FeaturePacks/TP_ThirdPersonBP.upack' (chunk index -1, root 'root:/') mounted
[2021.11.05-23.37.55:221][  0]LogShaderLibrary: Display: ShaderCodeLibraryPakFileMountedCallback: pending pak file info (ChunkID:-1 Root:root:/ File:D:/Motor Program/UE_4.27/FeaturePacks/TP_ThirdPersonBP.upack)
[2021.11.05-23.37.55:221][  0]LogPakFile: OnPakFileMounted2Time == 0.000037
[2021.11.05-23.37.55:247][  0]LogPakFile: PakFile PrimaryIndexSize=183
[2021.11.05-23.37.55:247][  0]LogPakFile: PakFile PathHashIndexSize=101
[2021.11.05-23.37.55:247][  0]LogPakFile: PakFile FullDirectoryIndexSize=140
[2021.11.05-23.37.55:247][  0]LogShaderLibrary: Display: ShaderCodeLibraryPakFileMountedCallback: PakFile 'D:/Motor Program/UE_4.27/FeaturePacks/TP_TopDown.upack' (chunk index -1, root 'root:/') mounted
[2021.11.05-23.37.55:247][  0]LogShaderLibrary: Display: ShaderCodeLibraryPakFileMountedCallback: pending pak file info (ChunkID:-1 Root:root:/ File:D:/Motor Program/UE_4.27/FeaturePacks/TP_TopDown.upack)
[2021.11.05-23.37.55:247][  0]LogPakFile: OnPakFileMounted2Time == 0.000046
[2021.11.05-23.37.55:252][  0]LogPakFile: PakFile PrimaryIndexSize=185
[2021.11.05-23.37.55:252][  0]LogPakFile: PakFile PathHashIndexSize=101
[2021.11.05-23.37.55:252][  0]LogPakFile: PakFile FullDirectoryIndexSize=144
[2021.11.05-23.37.55:252][  0]LogShaderLibrary: Display: ShaderCodeLibraryPakFileMountedCallback: PakFile 'D:/Motor Program/UE_4.27/FeaturePacks/TP_TopDownBP.upack' (chunk index -1, root 'root:/') mounted
[2021.11.05-23.37.55:252][  0]LogShaderLibrary: Display: ShaderCodeLibraryPakFileMountedCallback: pending pak file info (ChunkID:-1 Root:root:/ File:D:/Motor Program/UE_4.27/FeaturePacks/TP_TopDownBP.upack)
[2021.11.05-23.37.55:252][  0]LogPakFile: OnPakFileMounted2Time == 0.000034
[2021.11.05-23.37.55:260][  0]LogPakFile: PakFile PrimaryIndexSize=185
[2021.11.05-23.37.55:260][  0]LogPakFile: PakFile PathHashIndexSize=101
[2021.11.05-23.37.55:260][  0]LogPakFile: PakFile FullDirectoryIndexSize=144
[2021.11.05-23.37.55:260][  0]LogShaderLibrary: Display: ShaderCodeLibraryPakFileMountedCallback: PakFile 'D:/Motor Program/UE_4.27/FeaturePacks/TP_TwinStick.upack' (chunk index -1, root 'root:/') mounted
[2021.11.05-23.37.55:260][  0]LogShaderLibrary: Display: ShaderCodeLibraryPakFileMountedCallback: pending pak file info (ChunkID:-1 Root:root:/ File:D:/Motor Program/UE_4.27/FeaturePacks/TP_TwinStick.upack)
[2021.11.05-23.37.55:260][  0]LogPakFile: OnPakFileMounted2Time == 0.000034
[2021.11.05-23.37.55:265][  0]LogPakFile: PakFile PrimaryIndexSize=187
[2021.11.05-23.37.55:265][  0]LogPakFile: PakFile PathHashIndexSize=101
[2021.11.05-23.37.55:265][  0]LogPakFile: PakFile FullDirectoryIndexSize=148
[2021.11.05-23.37.55:265][  0]LogShaderLibrary: Display: ShaderCodeLibraryPakFileMountedCallback: PakFile 'D:/Motor Program/UE_4.27/FeaturePacks/TP_TwinStickBP.upack' (chunk index -1, root 'root:/') mounted
[2021.11.05-23.37.55:265][  0]LogShaderLibrary: Display: ShaderCodeLibraryPakFileMountedCallback: pending pak file info (ChunkID:-1 Root:root:/ File:D:/Motor Program/UE_4.27/FeaturePacks/TP_TwinStickBP.upack)
[2021.11.05-23.37.55:265][  0]LogPakFile: OnPakFileMounted2Time == 0.000029
[2021.11.05-23.37.55:270][  0]LogPakFile: PakFile PrimaryIndexSize=183
[2021.11.05-23.37.55:270][  0]LogPakFile: PakFile PathHashIndexSize=101
[2021.11.05-23.37.55:270][  0]LogPakFile: PakFile FullDirectoryIndexSize=140
[2021.11.05-23.37.55:270][  0]LogShaderLibrary: Display: ShaderCodeLibraryPakFileMountedCallback: PakFile 'D:/Motor Program/UE_4.27/FeaturePacks/TP_Vehicle.upack' (chunk index -1, root 'root:/') mounted
[2021.11.05-23.37.55:270][  0]LogShaderLibrary: Display: ShaderCodeLibraryPakFileMountedCallback: pending pak file info (ChunkID:-1 Root:root:/ File:D:/Motor Program/UE_4.27/FeaturePacks/TP_Vehicle.upack)
[2021.11.05-23.37.55:270][  0]LogPakFile: OnPakFileMounted2Time == 0.000030
[2021.11.05-23.37.55:275][  0]LogPakFile: PakFile PrimaryIndexSize=186
[2021.11.05-23.37.55:275][  0]LogPakFile: PakFile PathHashIndexSize=101
[2021.11.05-23.37.55:275][  0]LogPakFile: PakFile FullDirectoryIndexSize=146
[2021.11.05-23.37.55:275][  0]LogShaderLibrary: Display: ShaderCodeLibraryPakFileMountedCallback: PakFile 'D:/Motor Program/UE_4.27/FeaturePacks/TP_VehicleAdv.upack' (chunk index -1, root 'root:/') mounted
[2021.11.05-23.37.55:275][  0]LogShaderLibrary: Display: ShaderCodeLibraryPakFileMountedCallback: pending pak file info (ChunkID:-1 Root:root:/ File:D:/Motor Program/UE_4.27/FeaturePacks/TP_VehicleAdv.upack)
[2021.11.05-23.37.55:275][  0]LogPakFile: OnPakFileMounted2Time == 0.000044
[2021.11.05-23.37.55:281][  0]LogPakFile: PakFile PrimaryIndexSize=188
[2021.11.05-23.37.55:281][  0]LogPakFile: PakFile PathHashIndexSize=101
[2021.11.05-23.37.55:281][  0]LogPakFile: PakFile FullDirectoryIndexSize=150
[2021.11.05-23.37.55:281][  0]LogShaderLibrary: Display: ShaderCodeLibraryPakFileMountedCallback: PakFile 'D:/Motor Program/UE_4.27/FeaturePacks/TP_VehicleAdvBP.upack' (chunk index -1, root 'root:/') mounted
[2021.11.05-23.37.55:281][  0]LogShaderLibrary: Display: ShaderCodeLibraryPakFileMountedCallback: pending pak file info (ChunkID:-1 Root:root:/ File:D:/Motor Program/UE_4.27/FeaturePacks/TP_VehicleAdvBP.upack)
[2021.11.05-23.37.55:281][  0]LogPakFile: OnPakFileMounted2Time == 0.000038
[2021.11.05-23.37.55:287][  0]LogPakFile: PakFile PrimaryIndexSize=185
[2021.11.05-23.37.55:287][  0]LogPakFile: PakFile PathHashIndexSize=101
[2021.11.05-23.37.55:287][  0]LogPakFile: PakFile FullDirectoryIndexSize=144
[2021.11.05-23.37.55:287][  0]LogShaderLibrary: Display: ShaderCodeLibraryPakFileMountedCallback: PakFile 'D:/Motor Program/UE_4.27/FeaturePacks/TP_VehicleBP.upack' (chunk index -1, root 'root:/') mounted
[2021.11.05-23.37.55:287][  0]LogShaderLibrary: Display: ShaderCodeLibraryPakFileMountedCallback: pending pak file info (ChunkID:-1 Root:root:/ File:D:/Motor Program/UE_4.27/FeaturePacks/TP_VehicleBP.upack)
[2021.11.05-23.37.55:287][  0]LogPakFile: OnPakFileMounted2Time == 0.000031
[2021.11.05-23.37.55:293][  0]LogPakFile: PakFile PrimaryIndexSize=192
[2021.11.05-23.37.55:293][  0]LogPakFile: PakFile PathHashIndexSize=101
[2021.11.05-23.37.55:293][  0]LogPakFile: PakFile FullDirectoryIndexSize=158
[2021.11.05-23.37.55:293][  0]LogShaderLibrary: Display: ShaderCodeLibraryPakFileMountedCallback: PakFile 'D:/Motor Program/UE_4.27/FeaturePacks/TP_VirtualRealityBP.upack' (chunk index -1, root 'root:/') mounted
[2021.11.05-23.37.55:293][  0]LogShaderLibrary: Display: ShaderCodeLibraryPakFileMountedCallback: pending pak file info (ChunkID:-1 Root:root:/ File:D:/Motor Program/UE_4.27/FeaturePacks/TP_VirtualRealityBP.upack)
[2021.11.05-23.37.55:293][  0]LogPakFile: OnPakFileMounted2Time == 0.000038
[2021.11.05-23.37.56:200][  0]LogNativeClassHierarchy: Verbose: Native class hierarchy updated for 'AddContentDialog' in 0.0003 seconds. Added 0 classes and 0 folders.
[2021.11.05-23.37.56:280][  0]LogNativeClassHierarchy: Verbose: Native class hierarchy updated for 'SceneOutliner' in 0.0003 seconds. Added 2 classes and 0 folders.
[2021.11.05-23.37.57:042][  0]LogSlate: Took 0.000240 seconds to synchronously load lazily loaded font '../../../Engine/Content/Slate/Fonts/Roboto-Regular.ttf' (155K)
[2021.11.05-23.37.57:062][  0]LogSlate: Took 0.015026 seconds to synchronously load lazily loaded font '../../../Engine/Content/Editor/Slate/Fonts/FontAwesome.ttf' (139K)
[2021.11.05-23.37.57:073][  0]LogSlate: Took 0.000222 seconds to synchronously load lazily loaded font '../../../Engine/Content/Slate/Fonts/Roboto-Bold.ttf' (160K)
[2021.11.05-23.37.57:505][  0]LogRenderer: Reallocating scene render targets to support 1060x572 Format 10 NumSamples 1 (Frame:1).
[2021.11.05-23.37.58:058][  0]LogNativeClassHierarchy: Verbose: Native class hierarchy updated for 'HierarchicalLODOutliner' in 0.0003 seconds. Added 0 classes and 0 folders.
[2021.11.05-23.37.58:058][  0]LogInput: Warning: Action Jump uses invalid key OculusGo_Left_Trigger_Click.
[2021.11.05-23.37.58:058][  0]LogInput: Warning: Action ResetVR uses invalid key OculusGo_Left_Trackpad_Click.
[2021.11.05-23.37.58:058][  0]LogInput: Warning: Use -RemoveInvalidKeys to remove instances of these keys from the action mapping.
[2021.11.05-23.37.58:058][  0]LogLoad: (Engine Initialization) Total time: 29.18 seconds
[2021.11.05-23.37.58:058][  0]LogLoad: (Engine Initialization) Total Blueprint compile time: 0.00 seconds
[2021.11.05-23.37.58:178][  0]LogContentStreaming: Texture pool size now 1000 MB
[2021.11.05-23.37.58:269][  1]LogAssetRegistry: Asset discovery search completed in 25.8048 seconds
[2021.11.05-23.37.58:275][  1]LogCollectionManager: Fixed up redirectors for 0 collections in 0.000006 seconds (updated 0 objects)
[2021.11.05-23.37.58:660][  2]LogSlate: Took 0.017471 seconds to synchronously load lazily loaded font '../../../Engine/Content/Slate/Fonts/Roboto-Light.ttf' (167K)
